PIP STDOUT
----------
Collecting eth-brownie
  Downloading eth_brownie-1.15.2-py3-none-any.whl (213 kB)
Collecting jsonschema==3.2.0
  Downloading jsonschema-3.2.0-py2.py3-none-any.whl (56 kB)
Collecting pytest-xdist==1.34.0
  Downloading pytest_xdist-1.34.0-py2.py3-none-any.whl (36 kB)
Collecting click==8.0.1
  Using cached click-8.0.1-py3-none-any.whl (97 kB)
Collecting packaging==21.0
  Using cached packaging-21.0-py3-none-any.whl (40 kB)
Collecting lru-dict==1.1.7
  Downloading lru-dict-1.1.7.tar.gz (10 kB)
Collecting charset-normalizer==2.0.3
  Downloading charset_normalizer-2.0.3-py3-none-any.whl (35 kB)
Collecting execnet==1.9.0
  Downloading execnet-1.9.0-py2.py3-none-any.whl (39 kB)
Collecting py-solc-ast==1.2.9
  Downloading py_solc_ast-1.2.9-py3-none-any.whl (10 kB)
Collecting py-solc-x==1.1.0
  Downloading py_solc_x-1.1.0-py3-none-any.whl (15 kB)
Collecting psutil==5.8.0
  Downloading psutil-5.8.0-cp38-cp38-macosx_10_9_x86_64.whl (236 kB)
Collecting aiohttp==3.7.4.post0
  Downloading aiohttp-3.7.4.post0-cp38-cp38-macosx_10_14_x86_64.whl (648 kB)
Collecting vyper==0.2.15
  Downloading vyper-0.2.15-py3-none-any.whl (225 kB)
Collecting eth-keys==0.3.3
  Downloading eth_keys-0.3.3-py3-none-any.whl (20 kB)
Collecting multidict==5.1.0
  Downloading multidict-5.1.0-cp38-cp38-macosx_10_14_x86_64.whl (49 kB)
Collecting regex==2021.7.6
  Downloading regex-2021.7.6-cp38-cp38-macosx_10_9_x86_64.whl (285 kB)
Collecting pythx==1.6.1
  Downloading pythx-1.6.1-py2.py3-none-any.whl (39 kB)
Collecting sortedcontainers==2.4.0
  Downloading sortedcontainers-2.4.0-py2.py3-none-any.whl (29 kB)
Collecting async-timeout==3.0.1
  Downloading async_timeout-3.0.1-py3-none-any.whl (8.2 kB)
Collecting python-dotenv==0.16.0
  Downloading python_dotenv-0.16.0-py2.py3-none-any.whl (18 kB)
Collecting web3==5.21.0
  Downloading web3-5.21.0-py3-none-any.whl (482 kB)
Collecting tqdm==4.61.2
  Downloading tqdm-4.61.2-py2.py3-none-any.whl (76 kB)
Collecting websockets==9.1
  Downloading websockets-9.1-cp38-cp38-macosx_10_9_x86_64.whl (88 kB)
Collecting attrs==21.2.0
  Downloading attrs-21.2.0-py2.py3-none-any.whl (53 kB)
Collecting rlp==1.2.0
  Downloading rlp-1.2.0-py2.py3-none-any.whl (19 kB)
Collecting six==1.16.0
  Downloading six-1.16.0-py2.py3-none-any.whl (11 kB)
Collecting pyyaml==5.4.1
  Downloading PyYAML-5.4.1-cp38-cp38-macosx_10_9_x86_64.whl (253 kB)
Collecting inflection==0.5.0
  Downloading inflection-0.5.0-py2.py3-none-any.whl (5.8 kB)
Collecting pytest==6.2.4
  Downloading pytest-6.2.4-py3-none-any.whl (280 kB)
Collecting mypy-extensions==0.4.3
  Downloading mypy_extensions-0.4.3-py2.py3-none-any.whl (4.5 kB)
Collecting cytoolz==0.11.0
  Downloading cytoolz-0.11.0.tar.gz (477 kB)
Collecting asttokens==2.0.4
  Downloading asttokens-2.0.4-py2.py3-none-any.whl (20 kB)
Collecting eth-keyfile==0.5.1
  Downloading eth_keyfile-0.5.1-py3-none-any.whl (8.3 kB)
Collecting eip712==0.1.0
  Downloading eip712-0.1.0-py3-none-any.whl (13 kB)
Collecting eth-typing==2.2.2
  Downloading eth_typing-2.2.2-py3-none-any.whl (6.2 kB)
Collecting pytest-forked==1.3.0
  Downloading pytest_forked-1.3.0-py2.py3-none-any.whl (4.7 kB)
Collecting pyparsing==2.4.7
  Using cached pyparsing-2.4.7-py2.py3-none-any.whl (67 kB)
Collecting idna==3.2
  Downloading idna-3.2-py3-none-any.whl (59 kB)
Collecting pathspec==0.9.0
  Downloading pathspec-0.9.0-py2.py3-none-any.whl (31 kB)
Collecting pygments-lexer-solidity==0.7.0
  Downloading pygments-lexer-solidity-0.7.0.tar.gz (7.3 kB)
Collecting ipfshttpclient==0.7.0
  Downloading ipfshttpclient-0.7.0-py3-none-any.whl (82 kB)
Collecting yarl==1.6.3
  Downloading yarl-1.6.3-cp38-cp38-macosx_10_14_x86_64.whl (124 kB)
Collecting mythx-models==1.9.1
  Downloading mythx_models-1.9.1-py2.py3-none-any.whl (82 kB)
Collecting pluggy==0.13.1
  Downloading pluggy-0.13.1-py2.py3-none-any.whl (18 kB)
Collecting chardet==4.0.0
  Downloading chardet-4.0.0-py2.py3-none-any.whl (178 kB)
Collecting pyjwt==1.7.1
  Downloading PyJWT-1.7.1-py2.py3-none-any.whl (18 kB)
Collecting eth-rlp==0.2.1
  Downloading eth_rlp-0.2.1-py3-none-any.whl (5.0 kB)
Collecting bitarray==1.2.2
  Downloading bitarray-1.2.2.tar.gz (48 kB)
Collecting certifi==2021.5.30
  Downloading certifi-2021.5.30-py2.py3-none-any.whl (145 kB)
Collecting parsimonious==0.8.1
  Downloading parsimonious-0.8.1.tar.gz (45 kB)
Collecting pygments==2.9.0
  Downloading Pygments-2.9.0-py3-none-any.whl (1.0 MB)
Collecting eth-account==0.5.4
  Downloading eth_account-0.5.4-py3-none-any.whl (94 kB)
Collecting lazy-object-proxy==1.6.0
  Downloading lazy-object-proxy-1.6.0.tar.gz (44 kB)
  Installing build dependencies: started
  Installing build dependencies: finished with status 'done'
  Getting requirements to build wheel: started
  Getting requirements to build wheel: finished with status 'done'
    Preparing wheel metadata: started
    Preparing wheel metadata: finished with status 'done'
Collecting tomli==1.0.4
  Downloading tomli-1.0.4-py3-none-any.whl (11 kB)
Collecting eth-utils==1.10.0
  Downloading eth_utils-1.10.0-py3-none-any.whl (24 kB)
Collecting wrapt==1.12.1
  Downloading wrapt-1.12.1.tar.gz (27 kB)
Collecting hypothesis==6.14.3
  Downloading hypothesis-6.14.3-py3-none-any.whl (367 kB)
Collecting multiaddr==0.0.9
  Downloading multiaddr-0.0.9-py2.py3-none-any.whl (16 kB)
Collecting typing-extensions==3.10.0.0
  Downloading typing_extensions-3.10.0.0-py3-none-any.whl (26 kB)
Collecting pyrsistent==0.18.0
  Downloading pyrsistent-0.18.0-cp38-cp38-macosx_10_9_x86_64.whl (68 kB)
Collecting wcwidth==0.2.5
  Downloading wcwidth-0.2.5-py2.py3-none-any.whl (30 kB)
Collecting netaddr==0.8.0
  Downloading netaddr-0.8.0-py2.py3-none-any.whl (1.9 MB)
Collecting appdirs==1.4.4
  Downloading appdirs-1.4.4-py2.py3-none-any.whl (9.6 kB)
Collecting black>=21.7b0
  Downloading black-21.7b0-py3-none-any.whl (141 kB)
Collecting base58==2.1.0
  Downloading base58-2.1.0-py3-none-any.whl (5.6 kB)
Collecting vvm==0.1.0
  Downloading vvm-0.1.0-py3-none-any.whl (11 kB)
Collecting eth-hash[pycryptodome]==0.3.1
  Downloading eth_hash-0.3.1-py3-none-any.whl (8.9 kB)
Collecting dataclassy==0.10.4
  Downloading dataclassy-0.10.4-py3-none-any.whl (23 kB)
Collecting varint==1.0.2
  Downloading varint-1.0.2.tar.gz (1.9 kB)
Collecting toml==0.10.2
  Downloading toml-0.10.2-py2.py3-none-any.whl (16 kB)
Collecting prompt-toolkit==3.0.19
  Downloading prompt_toolkit-3.0.19-py3-none-any.whl (368 kB)
Collecting requests==2.26.0
  Downloading requests-2.26.0-py2.py3-none-any.whl (62 kB)
Collecting semantic-version==2.8.5
  Downloading semantic_version-2.8.5-py2.py3-none-any.whl (15 kB)
Collecting hexbytes==0.2.1
  Downloading hexbytes-0.2.1-py3-none-any.whl (6.0 kB)
Collecting iniconfig==1.1.1
  Downloading iniconfig-1.1.1-py2.py3-none-any.whl (5.0 kB)
Collecting py==1.10.0
  Downloading py-1.10.0-py2.py3-none-any.whl (97 kB)
Collecting toolz==0.11.1
  Downloading toolz-0.11.1-py3-none-any.whl (55 kB)
Collecting python-dateutil==2.8.1
  Downloading python_dateutil-2.8.1-py2.py3-none-any.whl (227 kB)
Collecting pycryptodome==3.10.1
  Downloading pycryptodome-3.10.1-cp35-abi3-macosx_10_9_x86_64.whl (1.5 MB)
Collecting eth-abi==2.1.1
  Downloading eth_abi-2.1.1-py3-none-any.whl (27 kB)
Collecting urllib3==1.26.6
  Downloading urllib3-1.26.6-py2.py3-none-any.whl (138 kB)
Collecting eth-event==1.2.3
  Downloading eth_event-1.2.3-py3-none-any.whl (7.3 kB)
Collecting protobuf==3.17.3
  Downloading protobuf-3.17.3-cp38-cp38-macosx_10_9_x86_64.whl (1.0 MB)
Requirement already satisfied: setuptools in ./.local/pipx/shared/lib/python3.8/site-packages (from jsonschema==3.2.0->eth-brownie) (57.4.0)
Building wheels for collected packages: bitarray, cytoolz, lazy-object-proxy, lru-dict, parsimonious, pygments-lexer-solidity, varint, wrapt
  Building wheel for bitarray (setup.py): started
  Building wheel for bitarray (setup.py): finished with status 'error'
  Running setup.py clean for bitarray
  Building wheel for cytoolz (setup.py): started
  Building wheel for cytoolz (setup.py): finished with status 'error'
  Running setup.py clean for cytoolz
  Building wheel for lazy-object-proxy (PEP 517): started
  Building wheel for lazy-object-proxy (PEP 517): finished with status 'done'
  Created wheel for lazy-object-proxy: filename=lazy_object_proxy-1.6.0-cp38-cp38-macosx_10_14_x86_64.whl size=11383 sha256=106a3e9a745c686f3a5dcf34c9deb380795f131410743a6800d93033375d2d59
  Stored in directory: /Users/zachstamegna/Library/Caches/pip/wheels/25/31/33/2d2448eb3f67feb67321b65057a2fc4404cd4a6d6392cb51fb
  Building wheel for lru-dict (setup.py): started
  Building wheel for lru-dict (setup.py): finished with status 'error'
  Running setup.py clean for lru-dict
  Building wheel for parsimonious (setup.py): started
  Building wheel for parsimonious (setup.py): finished with status 'done'
  Created wheel for parsimonious: filename=parsimonious-0.8.1-py3-none-any.whl size=42724 sha256=48b025fe5dc829b290005c1359f9a43c6fbb43048df774790e1e75125bbdc735
  Stored in directory: /Users/zachstamegna/Library/Caches/pip/wheels/d8/af/19/fb896f509a437aca2dcf62583e84d7fb2cd5b628c1564a609c
  Building wheel for pygments-lexer-solidity (setup.py): started
  Building wheel for pygments-lexer-solidity (setup.py): finished with status 'done'
  Created wheel for pygments-lexer-solidity: filename=pygments_lexer_solidity-0.7.0-py3-none-any.whl size=7321 sha256=ab5ea581c1b93fc42f61be0a528056d78950ef9c99d7bcfba3b74479e273272e
  Stored in directory: /Users/zachstamegna/Library/Caches/pip/wheels/8c/21/11/47f2dead62751ae2402a9ba9c45c2c1b27611fcc3934acc6e1
  Building wheel for varint (setup.py): started
  Building wheel for varint (setup.py): finished with status 'done'
  Created wheel for varint: filename=varint-1.0.2-py3-none-any.whl size=1980 sha256=9f823f573d4fb69ee78fc47da79bf25fff7b0246045c617cf3c5e358a037388a
  Stored in directory: /Users/zachstamegna/Library/Caches/pip/wheels/cc/a8/a4/4d9e9807c27585dc974fc0e86a3e4345649d71f8a35906d1a8
  Building wheel for wrapt (setup.py): started
  Building wheel for wrapt (setup.py): finished with status 'done'
  Created wheel for wrapt: filename=wrapt-1.12.1-py3-none-any.whl size=19571 sha256=af206a478f7f7fe7b78887fccfdcdca7fcf1b8fc7127bca9fcc5809b7b3ee062
  Stored in directory: /Users/zachstamegna/Library/Caches/pip/wheels/5f/fd/9e/b6cf5890494cb8ef0b5eaff72e5d55a70fb56316007d6dfe73
Successfully built lazy-object-proxy parsimonious pygments-lexer-solidity varint wrapt
Failed to build bitarray cytoolz lru-dict
Installing collected packages: toolz, eth-typing, eth-hash, cytoolz, six, pyparsing, eth-utils, varint, urllib3, toml, rlp, pyrsistent, pycryptodome, py, pluggy, parsimonious, packaging, netaddr, multidict, iniconfig, idna, hexbytes, eth-keys, charset-normalizer, certifi, base58, attrs, yarl, typing-extensions, requests, python-dateutil, pytest, multiaddr, jsonschema, inflection, eth-rlp, eth-keyfile, eth-abi, chardet, bitarray, async-timeout, websockets, wcwidth, tomli, sortedcontainers, semantic-version, regex, pytest-forked, pyjwt, pygments, protobuf, pathspec, mythx-models, mypy-extensions, lru-dict, ipfshttpclient, execnet, eth-account, dataclassy, click, asttokens, appdirs, aiohttp, wrapt, web3, vyper, vvm, tqdm, pyyaml, pythx, python-dotenv, pytest-xdist, pygments-lexer-solidity, py-solc-x, py-solc-ast, psutil, prompt-toolkit, lazy-object-proxy, hypothesis, eth-event, eip712, black, eth-brownie
    Running setup.py install for cytoolz: started
    Running setup.py install for cytoolz: finished with status 'error'

PIP STDERR
----------
  ERROR: Command errored out with exit status 1:
   command: /Users/zachstamegna/.local/pipx/venvs/eth-brownie/bin/python -u -c 'import io, os, sys, setuptools, tokenize; sys.argv[0] = '"'"'/private/var/folders/4y/hxsvtktj08d_6zgf95qn5clc0000gp/T/pip-install-xhurh1vq/bitarray_c798f1802e3640e3a42187ab15444d0b/setup.py'"'"'; __file__='"'"'/private/var/folders/4y/hxsvtktj08d_6zgf95qn5clc0000gp/T/pip-install-xhurh1vq/bitarray_c798f1802e3640e3a42187ab15444d0b/setup.py'"'"';f = getattr(tokenize, '"'"'open'"'"', open)(__file__) if os.path.exists(__file__) else io.StringIO('"'"'from setuptools import setup; setup()'"'"');code = f.read().replace('"'"'\r\n'"'"', '"'"'\n'"'"');f.close();exec(compile(code, __file__, '"'"'exec'"'"'))' bdist_wheel -d /private/var/folders/4y/hxsvtktj08d_6zgf95qn5clc0000gp/T/pip-wheel-4dc4cu7_
       cwd: /private/var/folders/4y/hxsvtktj08d_6zgf95qn5clc0000gp/T/pip-install-xhurh1vq/bitarray_c798f1802e3640e3a42187ab15444d0b/
  Complete output (114 lines):
  running bdist_wheel
  running build
  running build_py
  creating build
  creating build/lib.macosx-10.14.6-x86_64-3.8
  creating build/lib.macosx-10.14.6-x86_64-3.8/bitarray
  copying bitarray/util.py -> build/lib.macosx-10.14.6-x86_64-3.8/bitarray
  copying bitarray/__init__.py -> build/lib.macosx-10.14.6-x86_64-3.8/bitarray
  copying bitarray/test_bitarray.py -> build/lib.macosx-10.14.6-x86_64-3.8/bitarray
  copying bitarray/test_util.py -> build/lib.macosx-10.14.6-x86_64-3.8/bitarray
  running build_ext
  building 'bitarray._bitarray' extension
  creating build/temp.macosx-10.14.6-x86_64-3.8
  creating build/temp.macosx-10.14.6-x86_64-3.8/bitarray
  clang -Wno-unused-result -Wsign-compare -Wunreachable-code -fno-common -dynamic -DNDEBUG -g -fwrapv -O3 -Wall -iwithsysroot/System/Library/Frameworks/System.framework/PrivateHeaders -iwithsysroot/Applications/Xcode.app/Contents/Developer/Library/Frameworks/Python3.framework/Versions/3.8/Headers -arch arm64 -arch x86_64 -I/Users/zachstamegna/.local/pipx/venvs/eth-brownie/include -I/Library/Developer/CommandLineTools/Library/Frameworks/Python3.framework/Versions/3.8/include/python3.8 -c bitarray/_bitarray.c -o build/temp.macosx-10.14.6-x86_64-3.8/bitarray/_bitarray.o
  In file included from bitarray/_bitarray.c:12:
  In file included from /Library/Developer/CommandLineTools/Library/Frameworks/Python3.framework/Versions/3.8/include/python3.8/Python.h:11:
  In file included from /Library/Developer/CommandLineTools/usr/lib/clang/12.0.0/include/limits.h:21:
  In file included from /Library/Developer/CommandLineTools/SDKs/MacOSX10.15.sdk/usr/include/limits.h:63:
  /Library/Developer/CommandLineTools/SDKs/MacOSX10.15.sdk/usr/include/sys/cdefs.h:807:2: error: Unsupported architecture
  #error Unsupported architecture
   ^
  In file included from bitarray/_bitarray.c:12:
  In file included from /Library/Developer/CommandLineTools/Library/Frameworks/Python3.framework/Versions/3.8/include/python3.8/Python.h:11:
  In file included from /Library/Developer/CommandLineTools/usr/lib/clang/12.0.0/include/limits.h:21:
  In file included from /Library/Developer/CommandLineTools/SDKs/MacOSX10.15.sdk/usr/include/limits.h:64:
  /Library/Developer/CommandLineTools/SDKs/MacOSX10.15.sdk/usr/include/machine/limits.h:8:2: error: architecture not supported
  #error architecture not supported
   ^
  In file included from bitarray/_bitarray.c:12:
  In file included from /Library/Developer/CommandLineTools/Library/Frameworks/Python3.framework/Versions/3.8/include/python3.8/Python.h:25:
  In file included from /Library/Developer/CommandLineTools/SDKs/MacOSX10.15.sdk/usr/include/stdio.h:64:
  In file included from /Library/Developer/CommandLineTools/SDKs/MacOSX10.15.sdk/usr/include/_stdio.h:71:
  In file included from /Library/Developer/CommandLineTools/SDKs/MacOSX10.15.sdk/usr/include/_types.h:27:
  In file included from /Library/Developer/CommandLineTools/SDKs/MacOSX10.15.sdk/usr/include/sys/_types.h:33:
  /Library/Developer/CommandLineTools/SDKs/MacOSX10.15.sdk/usr/include/machine/_types.h:34:2: error: architecture not supported
  #error architecture not supported
   ^
  In file included from bitarray/_bitarray.c:12:
  In file included from /Library/Developer/CommandLineTools/Library/Frameworks/Python3.framework/Versions/3.8/include/python3.8/Python.h:25:
  In file included from /Library/Developer/CommandLineTools/SDKs/MacOSX10.15.sdk/usr/include/stdio.h:64:
  In file included from /Library/Developer/CommandLineTools/SDKs/MacOSX10.15.sdk/usr/include/_stdio.h:71:
  In file included from /Library/Developer/CommandLineTools/SDKs/MacOSX10.15.sdk/usr/include/_types.h:27:
  /Library/Developer/CommandLineTools/SDKs/MacOSX10.15.sdk/usr/include/sys/_types.h:55:9: error: unknown type name '__int64_t'
  typedef __int64_t       __darwin_blkcnt_t;      /* total blocks */
          ^
  /Library/Developer/CommandLineTools/SDKs/MacOSX10.15.sdk/usr/include/sys/_types.h:56:9: error: unknown type name '__int32_t'; did you mean '__int128_t'?
  typedef __int32_t       __darwin_blksize_t;     /* preferred block size */
          ^
  note: '__int128_t' declared here
  /Library/Developer/CommandLineTools/SDKs/MacOSX10.15.sdk/usr/include/sys/_types.h:57:9: error: unknown type name '__int32_t'; did you mean '__int128_t'?
  typedef __int32_t       __darwin_dev_t;         /* dev_t */
          ^
  note: '__int128_t' declared here
  /Library/Developer/CommandLineTools/SDKs/MacOSX10.15.sdk/usr/include/sys/_types.h:60:9: error: unknown type name '__uint32_t'; did you mean '__uint128_t'?
  typedef __uint32_t      __darwin_gid_t;         /* [???] process and group IDs */
          ^
  note: '__uint128_t' declared here
  /Library/Developer/CommandLineTools/SDKs/MacOSX10.15.sdk/usr/include/sys/_types.h:61:9: error: unknown type name '__uint32_t'; did you mean '__uint128_t'?
  typedef __uint32_t      __darwin_id_t;          /* [XSI] pid_t, uid_t, or gid_t*/
          ^
  note: '__uint128_t' declared here
  /Library/Developer/CommandLineTools/SDKs/MacOSX10.15.sdk/usr/include/sys/_types.h:62:9: error: unknown type name '__uint64_t'
  typedef __uint64_t      __darwin_ino64_t;       /* [???] Used for 64 bit inodes */
          ^
  /Library/Developer/CommandLineTools/SDKs/MacOSX10.15.sdk/usr/include/sys/_types.h:68:9: error: unknown type name '__darwin_natural_t'
  typedef __darwin_natural_t __darwin_mach_port_name_t; /* Used by mach */
          ^
  /Library/Developer/CommandLineTools/SDKs/MacOSX10.15.sdk/usr/include/sys/_types.h:70:9: error: unknown type name '__uint16_t'; did you mean '__uint128_t'?
  typedef __uint16_t      __darwin_mode_t;        /* [???] Some file attributes */
          ^
  note: '__uint128_t' declared here
  /Library/Developer/CommandLineTools/SDKs/MacOSX10.15.sdk/usr/include/sys/_types.h:71:9: error: unknown type name '__int64_t'
  typedef __int64_t       __darwin_off_t;         /* [???] Used for file sizes */
          ^
  /Library/Developer/CommandLineTools/SDKs/MacOSX10.15.sdk/usr/include/sys/_types.h:72:9: error: unknown type name '__int32_t'; did you mean '__int128_t'?
  typedef __int32_t       __darwin_pid_t;         /* [???] process and group IDs */
          ^
  note: '__int128_t' declared here
  /Library/Developer/CommandLineTools/SDKs/MacOSX10.15.sdk/usr/include/sys/_types.h:73:9: error: unknown type name '__uint32_t'; did you mean '__uint128_t'?
  typedef __uint32_t      __darwin_sigset_t;      /* [???] signal set */
          ^
  note: '__uint128_t' declared here
  /Library/Developer/CommandLineTools/SDKs/MacOSX10.15.sdk/usr/include/sys/_types.h:74:9: error: unknown type name '__int32_t'; did you mean '__int128_t'?
  typedef __int32_t       __darwin_suseconds_t;   /* [???] microseconds */
          ^
  note: '__int128_t' declared here
  /Library/Developer/CommandLineTools/SDKs/MacOSX10.15.sdk/usr/include/sys/_types.h:75:9: error: unknown type name '__uint32_t'; did you mean '__uint128_t'?
  typedef __uint32_t      __darwin_uid_t;         /* [???] user IDs */
          ^
  note: '__uint128_t' declared here
  /Library/Developer/CommandLineTools/SDKs/MacOSX10.15.sdk/usr/include/sys/_types.h:76:9: error: unknown type name '__uint32_t'; did you mean '__uint128_t'?
  typedef __uint32_t      __darwin_useconds_t;    /* [???] microseconds */
          ^
  note: '__uint128_t' declared here
  In file included from bitarray/_bitarray.c:12:
  In file included from /Library/Developer/CommandLineTools/Library/Frameworks/Python3.framework/Versions/3.8/include/python3.8/Python.h:25:
  In file included from /Library/Developer/CommandLineTools/SDKs/MacOSX10.15.sdk/usr/include/stdio.h:64:
  In file included from /Library/Developer/CommandLineTools/SDKs/MacOSX10.15.sdk/usr/include/_stdio.h:71:
  /Library/Developer/CommandLineTools/SDKs/MacOSX10.15.sdk/usr/include/_types.h:43:9: error: unknown type name '__uint32_t'; did you mean '__uint128_t'?
  typedef __uint32_t      __darwin_wctype_t;
          ^
  note: '__uint128_t' declared here
  In file included from bitarray/_bitarray.c:12:
  In file included from /Library/Developer/CommandLineTools/Library/Frameworks/Python3.framework/Versions/3.8/include/python3.8/Python.h:25:
  In file included from /Library/Developer/CommandLineTools/SDKs/MacOSX10.15.sdk/usr/include/stdio.h:64:
  In file included from /Library/Developer/CommandLineTools/SDKs/MacOSX10.15.sdk/usr/include/_stdio.h:75:
  In file included from /Library/Developer/CommandLineTools/SDKs/MacOSX10.15.sdk/usr/include/sys/_types/_va_list.h:31:
  /Library/Developer/CommandLineTools/SDKs/MacOSX10.15.sdk/usr/include/machine/types.h:37:2: error: architecture not supported
  #error architecture not supported
   ^
  fatal error: too many errors emitted, stopping now [-ferror-limit=]
  20 errors generated.
  error: command 'clang' failed with exit status 1
  ----------------------------------------
  ERROR: Failed building wheel for bitarray
  ERROR: Command errored out with exit status 1:
   command: /Users/zachstamegna/.local/pipx/venvs/eth-brownie/bin/python -u -c 'import io, os, sys, setuptools, tokenize; sys.argv[0] = '"'"'/private/var/folders/4y/hxsvtktj08d_6zgf95qn5clc0000gp/T/pip-install-xhurh1vq/cytoolz_77210ce7978248cb87cd8b1bfb2f2a88/setup.py'"'"'; __file__='"'"'/private/var/folders/4y/hxsvtktj08d_6zgf95qn5clc0000gp/T/pip-install-xhurh1vq/cytoolz_77210ce7978248cb87cd8b1bfb2f2a88/setup.py'"'"';f = getattr(tokenize, '"'"'open'"'"', open)(__file__) if os.path.exists(__file__) else io.StringIO('"'"'from setuptools import setup; setup()'"'"');code = f.read().replace('"'"'\r\n'"'"', '"'"'\n'"'"');f.close();exec(compile(code, __file__, '"'"'exec'"'"'))' bdist_wheel -d /private/var/folders/4y/hxsvtktj08d_6zgf95qn5clc0000gp/T/pip-wheel-plob29fw
       cwd: /private/var/folders/4y/hxsvtktj08d_6zgf95qn5clc0000gp/T/pip-install-xhurh1vq/cytoolz_77210ce7978248cb87cd8b1bfb2f2a88/
  Complete output (151 lines):
  ALERT: Cython not installed.  Building without Cython.
  running bdist_wheel
  running build
  running build_py
  creating build
  creating build/lib.macosx-10.14.6-x86_64-3.8
  creating build/lib.macosx-10.14.6-x86_64-3.8/cytoolz
  copying cytoolz/compatibility.py -> build/lib.macosx-10.14.6-x86_64-3.8/cytoolz
  copying cytoolz/utils_test.py -> build/lib.macosx-10.14.6-x86_64-3.8/cytoolz
  copying cytoolz/_version.py -> build/lib.macosx-10.14.6-x86_64-3.8/cytoolz
  copying cytoolz/__init__.py -> build/lib.macosx-10.14.6-x86_64-3.8/cytoolz
  copying cytoolz/_signatures.py -> build/lib.macosx-10.14.6-x86_64-3.8/cytoolz
  creating build/lib.macosx-10.14.6-x86_64-3.8/cytoolz/curried
  copying cytoolz/curried/operator.py -> build/lib.macosx-10.14.6-x86_64-3.8/cytoolz/curried
  copying cytoolz/curried/__init__.py -> build/lib.macosx-10.14.6-x86_64-3.8/cytoolz/curried
  copying cytoolz/curried/exceptions.py -> build/lib.macosx-10.14.6-x86_64-3.8/cytoolz/curried
  copying cytoolz/itertoolz.pyx -> build/lib.macosx-10.14.6-x86_64-3.8/cytoolz
  copying cytoolz/dicttoolz.pyx -> build/lib.macosx-10.14.6-x86_64-3.8/cytoolz
  copying cytoolz/functoolz.pyx -> build/lib.macosx-10.14.6-x86_64-3.8/cytoolz
  copying cytoolz/recipes.pyx -> build/lib.macosx-10.14.6-x86_64-3.8/cytoolz
  copying cytoolz/utils.pyx -> build/lib.macosx-10.14.6-x86_64-3.8/cytoolz
  copying cytoolz/utils.pxd -> build/lib.macosx-10.14.6-x86_64-3.8/cytoolz
  copying cytoolz/__init__.pxd -> build/lib.macosx-10.14.6-x86_64-3.8/cytoolz
  copying cytoolz/recipes.pxd -> build/lib.macosx-10.14.6-x86_64-3.8/cytoolz
  copying cytoolz/functoolz.pxd -> build/lib.macosx-10.14.6-x86_64-3.8/cytoolz
  copying cytoolz/dicttoolz.pxd -> build/lib.macosx-10.14.6-x86_64-3.8/cytoolz
  copying cytoolz/cpython.pxd -> build/lib.macosx-10.14.6-x86_64-3.8/cytoolz
  copying cytoolz/itertoolz.pxd -> build/lib.macosx-10.14.6-x86_64-3.8/cytoolz
  creating build/lib.macosx-10.14.6-x86_64-3.8/cytoolz/tests
  copying cytoolz/tests/test_none_safe.py -> build/lib.macosx-10.14.6-x86_64-3.8/cytoolz/tests
  copying cytoolz/tests/test_utils.py -> build/lib.macosx-10.14.6-x86_64-3.8/cytoolz/tests
  copying cytoolz/tests/test_curried.py -> build/lib.macosx-10.14.6-x86_64-3.8/cytoolz/tests
  copying cytoolz/tests/test_compatibility.py -> build/lib.macosx-10.14.6-x86_64-3.8/cytoolz/tests
  copying cytoolz/tests/test_embedded_sigs.py -> build/lib.macosx-10.14.6-x86_64-3.8/cytoolz/tests
  copying cytoolz/tests/test_functoolz.py -> build/lib.macosx-10.14.6-x86_64-3.8/cytoolz/tests
  copying cytoolz/tests/test_inspect_args.py -> build/lib.macosx-10.14.6-x86_64-3.8/cytoolz/tests
  copying cytoolz/tests/test_doctests.py -> build/lib.macosx-10.14.6-x86_64-3.8/cytoolz/tests
  copying cytoolz/tests/test_tlz.py -> build/lib.macosx-10.14.6-x86_64-3.8/cytoolz/tests
  copying cytoolz/tests/test_signatures.py -> build/lib.macosx-10.14.6-x86_64-3.8/cytoolz/tests
  copying cytoolz/tests/dev_skip_test.py -> build/lib.macosx-10.14.6-x86_64-3.8/cytoolz/tests
  copying cytoolz/tests/test_recipes.py -> build/lib.macosx-10.14.6-x86_64-3.8/cytoolz/tests
  copying cytoolz/tests/test_docstrings.py -> build/lib.macosx-10.14.6-x86_64-3.8/cytoolz/tests
  copying cytoolz/tests/test_dev_skip_test.py -> build/lib.macosx-10.14.6-x86_64-3.8/cytoolz/tests
  copying cytoolz/tests/test_dicttoolz.py -> build/lib.macosx-10.14.6-x86_64-3.8/cytoolz/tests
  copying cytoolz/tests/test_serialization.py -> build/lib.macosx-10.14.6-x86_64-3.8/cytoolz/tests
  copying cytoolz/tests/test_curried_toolzlike.py -> build/lib.macosx-10.14.6-x86_64-3.8/cytoolz/tests
  copying cytoolz/tests/test_itertoolz.py -> build/lib.macosx-10.14.6-x86_64-3.8/cytoolz/tests
  running build_ext
  building 'cytoolz.dicttoolz' extension
  creating build/temp.macosx-10.14.6-x86_64-3.8
  creating build/temp.macosx-10.14.6-x86_64-3.8/cytoolz
  clang -Wno-unused-result -Wsign-compare -Wunreachable-code -fno-common -dynamic -DNDEBUG -g -fwrapv -O3 -Wall -iwithsysroot/System/Library/Frameworks/System.framework/PrivateHeaders -iwithsysroot/Applications/Xcode.app/Contents/Developer/Library/Frameworks/Python3.framework/Versions/3.8/Headers -arch arm64 -arch x86_64 -I/Users/zachstamegna/.local/pipx/venvs/eth-brownie/include -I/Library/Developer/CommandLineTools/Library/Frameworks/Python3.framework/Versions/3.8/include/python3.8 -c cytoolz/dicttoolz.c -o build/temp.macosx-10.14.6-x86_64-3.8/cytoolz/dicttoolz.o
  In file included from cytoolz/dicttoolz.c:17:
  In file included from /Library/Developer/CommandLineTools/Library/Frameworks/Python3.framework/Versions/3.8/include/python3.8/Python.h:11:
  In file included from /Library/Developer/CommandLineTools/usr/lib/clang/12.0.0/include/limits.h:21:
  In file included from /Library/Developer/CommandLineTools/SDKs/MacOSX10.15.sdk/usr/include/limits.h:63:
  /Library/Developer/CommandLineTools/SDKs/MacOSX10.15.sdk/usr/include/sys/cdefs.h:807:2: error: Unsupported architecture
  #error Unsupported architecture
   ^
  In file included from cytoolz/dicttoolz.c:17:
  In file included from /Library/Developer/CommandLineTools/Library/Frameworks/Python3.framework/Versions/3.8/include/python3.8/Python.h:11:
  In file included from /Library/Developer/CommandLineTools/usr/lib/clang/12.0.0/include/limits.h:21:
  In file included from /Library/Developer/CommandLineTools/SDKs/MacOSX10.15.sdk/usr/include/limits.h:64:
  /Library/Developer/CommandLineTools/SDKs/MacOSX10.15.sdk/usr/include/machine/limits.h:8:2: error: architecture not supported
  #error architecture not supported
   ^
  In file included from cytoolz/dicttoolz.c:17:
  In file included from /Library/Developer/CommandLineTools/Library/Frameworks/Python3.framework/Versions/3.8/include/python3.8/Python.h:25:
  In file included from /Library/Developer/CommandLineTools/SDKs/MacOSX10.15.sdk/usr/include/stdio.h:64:
  In file included from /Library/Developer/CommandLineTools/SDKs/MacOSX10.15.sdk/usr/include/_stdio.h:71:
  In file included from /Library/Developer/CommandLineTools/SDKs/MacOSX10.15.sdk/usr/include/_types.h:27:
  In file included from /Library/Developer/CommandLineTools/SDKs/MacOSX10.15.sdk/usr/include/sys/_types.h:33:
  /Library/Developer/CommandLineTools/SDKs/MacOSX10.15.sdk/usr/include/machine/_types.h:34:2: error: architecture not supported
  #error architecture not supported
   ^
  In file included from cytoolz/dicttoolz.c:17:
  In file included from /Library/Developer/CommandLineTools/Library/Frameworks/Python3.framework/Versions/3.8/include/python3.8/Python.h:25:
  In file included from /Library/Developer/CommandLineTools/SDKs/MacOSX10.15.sdk/usr/include/stdio.h:64:
  In file included from /Library/Developer/CommandLineTools/SDKs/MacOSX10.15.sdk/usr/include/_stdio.h:71:
  In file included from /Library/Developer/CommandLineTools/SDKs/MacOSX10.15.sdk/usr/include/_types.h:27:
  /Library/Developer/CommandLineTools/SDKs/MacOSX10.15.sdk/usr/include/sys/_types.h:55:9: error: unknown type name '__int64_t'
  typedef __int64_t       __darwin_blkcnt_t;      /* total blocks */
          ^
  /Library/Developer/CommandLineTools/SDKs/MacOSX10.15.sdk/usr/include/sys/_types.h:56:9: error: unknown type name '__int32_t'; did you mean '__int128_t'?
  typedef __int32_t       __darwin_blksize_t;     /* preferred block size */
          ^
  note: '__int128_t' declared here
  /Library/Developer/CommandLineTools/SDKs/MacOSX10.15.sdk/usr/include/sys/_types.h:57:9: error: unknown type name '__int32_t'; did you mean '__int128_t'?
  typedef __int32_t       __darwin_dev_t;         /* dev_t */
          ^
  note: '__int128_t' declared here
  /Library/Developer/CommandLineTools/SDKs/MacOSX10.15.sdk/usr/include/sys/_types.h:60:9: error: unknown type name '__uint32_t'; did you mean '__uint128_t'?
  typedef __uint32_t      __darwin_gid_t;         /* [???] process and group IDs */
          ^
  note: '__uint128_t' declared here
  /Library/Developer/CommandLineTools/SDKs/MacOSX10.15.sdk/usr/include/sys/_types.h:61:9: error: unknown type name '__uint32_t'; did you mean '__uint128_t'?
  typedef __uint32_t      __darwin_id_t;          /* [XSI] pid_t, uid_t, or gid_t*/
          ^
  note: '__uint128_t' declared here
  /Library/Developer/CommandLineTools/SDKs/MacOSX10.15.sdk/usr/include/sys/_types.h:62:9: error: unknown type name '__uint64_t'
  typedef __uint64_t      __darwin_ino64_t;       /* [???] Used for 64 bit inodes */
          ^
  /Library/Developer/CommandLineTools/SDKs/MacOSX10.15.sdk/usr/include/sys/_types.h:68:9: error: unknown type name '__darwin_natural_t'
  typedef __darwin_natural_t __darwin_mach_port_name_t; /* Used by mach */
          ^
  /Library/Developer/CommandLineTools/SDKs/MacOSX10.15.sdk/usr/include/sys/_types.h:70:9: error: unknown type name '__uint16_t'; did you mean '__uint128_t'?
  typedef __uint16_t      __darwin_mode_t;        /* [???] Some file attributes */
          ^
  note: '__uint128_t' declared here
  /Library/Developer/CommandLineTools/SDKs/MacOSX10.15.sdk/usr/include/sys/_types.h:71:9: error: unknown type name '__int64_t'
  typedef __int64_t       __darwin_off_t;         /* [???] Used for file sizes */
          ^
  /Library/Developer/CommandLineTools/SDKs/MacOSX10.15.sdk/usr/include/sys/_types.h:72:9: error: unknown type name '__int32_t'; did you mean '__int128_t'?
  typedef __int32_t       __darwin_pid_t;         /* [???] process and group IDs */
          ^
  note: '__int128_t' declared here
  /Library/Developer/CommandLineTools/SDKs/MacOSX10.15.sdk/usr/include/sys/_types.h:73:9: error: unknown type name '__uint32_t'; did you mean '__uint128_t'?
  typedef __uint32_t      __darwin_sigset_t;      /* [???] signal set */
          ^
  note: '__uint128_t' declared here
  /Library/Developer/CommandLineTools/SDKs/MacOSX10.15.sdk/usr/include/sys/_types.h:74:9: error: unknown type name '__int32_t'; did you mean '__int128_t'?
  typedef __int32_t       __darwin_suseconds_t;   /* [???] microseconds */
          ^
  note: '__int128_t' declared here
  /Library/Developer/CommandLineTools/SDKs/MacOSX10.15.sdk/usr/include/sys/_types.h:75:9: error: unknown type name '__uint32_t'; did you mean '__uint128_t'?
  typedef __uint32_t      __darwin_uid_t;         /* [???] user IDs */
          ^
  note: '__uint128_t' declared here
  /Library/Developer/CommandLineTools/SDKs/MacOSX10.15.sdk/usr/include/sys/_types.h:76:9: error: unknown type name '__uint32_t'; did you mean '__uint128_t'?
  typedef __uint32_t      __darwin_useconds_t;    /* [???] microseconds */
          ^
  note: '__uint128_t' declared here
  In file included from cytoolz/dicttoolz.c:17:
  In file included from /Library/Developer/CommandLineTools/Library/Frameworks/Python3.framework/Versions/3.8/include/python3.8/Python.h:25:
  In file included from /Library/Developer/CommandLineTools/SDKs/MacOSX10.15.sdk/usr/include/stdio.h:64:
  In file included from /Library/Developer/CommandLineTools/SDKs/MacOSX10.15.sdk/usr/include/_stdio.h:71:
  /Library/Developer/CommandLineTools/SDKs/MacOSX10.15.sdk/usr/include/_types.h:43:9: error: unknown type name '__uint32_t'; did you mean '__uint128_t'?
  typedef __uint32_t      __darwin_wctype_t;
          ^
  note: '__uint128_t' declared here
  In file included from cytoolz/dicttoolz.c:17:
  In file included from /Library/Developer/CommandLineTools/Library/Frameworks/Python3.framework/Versions/3.8/include/python3.8/Python.h:25:
  In file included from /Library/Developer/CommandLineTools/SDKs/MacOSX10.15.sdk/usr/include/stdio.h:64:
  In file included from /Library/Developer/CommandLineTools/SDKs/MacOSX10.15.sdk/usr/include/_stdio.h:75:
  In file included from /Library/Developer/CommandLineTools/SDKs/MacOSX10.15.sdk/usr/include/sys/_types/_va_list.h:31:
  /Library/Developer/CommandLineTools/SDKs/MacOSX10.15.sdk/usr/include/machine/types.h:37:2: error: architecture not supported
  #error architecture not supported
   ^
  fatal error: too many errors emitted, stopping now [-ferror-limit=]
  20 errors generated.
  error: command 'clang' failed with exit status 1
  ----------------------------------------
  ERROR: Failed building wheel for cytoolz
  ERROR: Command errored out with exit status 1:
   command: /Users/zachstamegna/.local/pipx/venvs/eth-brownie/bin/python -u -c 'import io, os, sys, setuptools, tokenize; sys.argv[0] = '"'"'/private/var/folders/4y/hxsvtktj08d_6zgf95qn5clc0000gp/T/pip-install-xhurh1vq/lru-dict_edbd2d61edd143f6ba439c247bf888e0/setup.py'"'"'; __file__='"'"'/private/var/folders/4y/hxsvtktj08d_6zgf95qn5clc0000gp/T/pip-install-xhurh1vq/lru-dict_edbd2d61edd143f6ba439c247bf888e0/setup.py'"'"';f = getattr(tokenize, '"'"'open'"'"', open)(__file__) if os.path.exists(__file__) else io.StringIO('"'"'from setuptools import setup; setup()'"'"');code = f.read().replace('"'"'\r\n'"'"', '"'"'\n'"'"');f.close();exec(compile(code, __file__, '"'"'exec'"'"'))' bdist_wheel -d /private/var/folders/4y/hxsvtktj08d_6zgf95qn5clc0000gp/T/pip-wheel-hozbq7qb
       cwd: /private/var/folders/4y/hxsvtktj08d_6zgf95qn5clc0000gp/T/pip-install-xhurh1vq/lru-dict_edbd2d61edd143f6ba439c247bf888e0/
  Complete output (106 lines):
  running bdist_wheel
  running build
  running build_ext
  building 'lru' extension
  creating build
  creating build/temp.macosx-10.14.6-x86_64-3.8
  clang -Wno-unused-result -Wsign-compare -Wunreachable-code -fno-common -dynamic -DNDEBUG -g -fwrapv -O3 -Wall -iwithsysroot/System/Library/Frameworks/System.framework/PrivateHeaders -iwithsysroot/Applications/Xcode.app/Contents/Developer/Library/Frameworks/Python3.framework/Versions/3.8/Headers -arch arm64 -arch x86_64 -I/Users/zachstamegna/.local/pipx/venvs/eth-brownie/include -I/Library/Developer/CommandLineTools/Library/Frameworks/Python3.framework/Versions/3.8/include/python3.8 -c lru.c -o build/temp.macosx-10.14.6-x86_64-3.8/lru.o
  In file included from lru.c:1:
  In file included from /Library/Developer/CommandLineTools/Library/Frameworks/Python3.framework/Versions/3.8/include/python3.8/Python.h:11:
  In file included from /Library/Developer/CommandLineTools/usr/lib/clang/12.0.0/include/limits.h:21:
  In file included from /Library/Developer/CommandLineTools/SDKs/MacOSX10.15.sdk/usr/include/limits.h:63:
  /Library/Developer/CommandLineTools/SDKs/MacOSX10.15.sdk/usr/include/sys/cdefs.h:807:2: error: Unsupported architecture
  #error Unsupported architecture
   ^
  In file included from lru.c:1:
  In file included from /Library/Developer/CommandLineTools/Library/Frameworks/Python3.framework/Versions/3.8/include/python3.8/Python.h:11:
  In file included from /Library/Developer/CommandLineTools/usr/lib/clang/12.0.0/include/limits.h:21:
  In file included from /Library/Developer/CommandLineTools/SDKs/MacOSX10.15.sdk/usr/include/limits.h:64:
  /Library/Developer/CommandLineTools/SDKs/MacOSX10.15.sdk/usr/include/machine/limits.h:8:2: error: architecture not supported
  #error architecture not supported
   ^
  In file included from lru.c:1:
  In file included from /Library/Developer/CommandLineTools/Library/Frameworks/Python3.framework/Versions/3.8/include/python3.8/Python.h:25:
  In file included from /Library/Developer/CommandLineTools/SDKs/MacOSX10.15.sdk/usr/include/stdio.h:64:
  In file included from /Library/Developer/CommandLineTools/SDKs/MacOSX10.15.sdk/usr/include/_stdio.h:71:
  In file included from /Library/Developer/CommandLineTools/SDKs/MacOSX10.15.sdk/usr/include/_types.h:27:
  In file included from /Library/Developer/CommandLineTools/SDKs/MacOSX10.15.sdk/usr/include/sys/_types.h:33:
  /Library/Developer/CommandLineTools/SDKs/MacOSX10.15.sdk/usr/include/machine/_types.h:34:2: error: architecture not supported
  #error architecture not supported
   ^
  In file included from lru.c:1:
  In file included from /Library/Developer/CommandLineTools/Library/Frameworks/Python3.framework/Versions/3.8/include/python3.8/Python.h:25:
  In file included from /Library/Developer/CommandLineTools/SDKs/MacOSX10.15.sdk/usr/include/stdio.h:64:
  In file included from /Library/Developer/CommandLineTools/SDKs/MacOSX10.15.sdk/usr/include/_stdio.h:71:
  In file included from /Library/Developer/CommandLineTools/SDKs/MacOSX10.15.sdk/usr/include/_types.h:27:
  /Library/Developer/CommandLineTools/SDKs/MacOSX10.15.sdk/usr/include/sys/_types.h:55:9: error: unknown type name '__int64_t'
  typedef __int64_t       __darwin_blkcnt_t;      /* total blocks */
          ^
  /Library/Developer/CommandLineTools/SDKs/MacOSX10.15.sdk/usr/include/sys/_types.h:56:9: error: unknown type name '__int32_t'; did you mean '__int128_t'?
  typedef __int32_t       __darwin_blksize_t;     /* preferred block size */
          ^
  note: '__int128_t' declared here
  /Library/Developer/CommandLineTools/SDKs/MacOSX10.15.sdk/usr/include/sys/_types.h:57:9: error: unknown type name '__int32_t'; did you mean '__int128_t'?
  typedef __int32_t       __darwin_dev_t;         /* dev_t */
          ^
  note: '__int128_t' declared here
  /Library/Developer/CommandLineTools/SDKs/MacOSX10.15.sdk/usr/include/sys/_types.h:60:9: error: unknown type name '__uint32_t'; did you mean '__uint128_t'?
  typedef __uint32_t      __darwin_gid_t;         /* [???] process and group IDs */
          ^
  note: '__uint128_t' declared here
  /Library/Developer/CommandLineTools/SDKs/MacOSX10.15.sdk/usr/include/sys/_types.h:61:9: error: unknown type name '__uint32_t'; did you mean '__uint128_t'?
  typedef __uint32_t      __darwin_id_t;          /* [XSI] pid_t, uid_t, or gid_t*/
          ^
  note: '__uint128_t' declared here
  /Library/Developer/CommandLineTools/SDKs/MacOSX10.15.sdk/usr/include/sys/_types.h:62:9: error: unknown type name '__uint64_t'
  typedef __uint64_t      __darwin_ino64_t;       /* [???] Used for 64 bit inodes */
          ^
  /Library/Developer/CommandLineTools/SDKs/MacOSX10.15.sdk/usr/include/sys/_types.h:68:9: error: unknown type name '__darwin_natural_t'
  typedef __darwin_natural_t __darwin_mach_port_name_t; /* Used by mach */
          ^
  /Library/Developer/CommandLineTools/SDKs/MacOSX10.15.sdk/usr/include/sys/_types.h:70:9: error: unknown type name '__uint16_t'; did you mean '__uint128_t'?
  typedef __uint16_t      __darwin_mode_t;        /* [???] Some file attributes */
          ^
  note: '__uint128_t' declared here
  /Library/Developer/CommandLineTools/SDKs/MacOSX10.15.sdk/usr/include/sys/_types.h:71:9: error: unknown type name '__int64_t'
  typedef __int64_t       __darwin_off_t;         /* [???] Used for file sizes */
          ^
  /Library/Developer/CommandLineTools/SDKs/MacOSX10.15.sdk/usr/include/sys/_types.h:72:9: error: unknown type name '__int32_t'; did you mean '__int128_t'?
  typedef __int32_t       __darwin_pid_t;         /* [???] process and group IDs */
          ^
  note: '__int128_t' declared here
  /Library/Developer/CommandLineTools/SDKs/MacOSX10.15.sdk/usr/include/sys/_types.h:73:9: error: unknown type name '__uint32_t'; did you mean '__uint128_t'?
  typedef __uint32_t      __darwin_sigset_t;      /* [???] signal set */
          ^
  note: '__uint128_t' declared here
  /Library/Developer/CommandLineTools/SDKs/MacOSX10.15.sdk/usr/include/sys/_types.h:74:9: error: unknown type name '__int32_t'; did you mean '__int128_t'?
  typedef __int32_t       __darwin_suseconds_t;   /* [???] microseconds */
          ^
  note: '__int128_t' declared here
  /Library/Developer/CommandLineTools/SDKs/MacOSX10.15.sdk/usr/include/sys/_types.h:75:9: error: unknown type name '__uint32_t'; did you mean '__uint128_t'?
  typedef __uint32_t      __darwin_uid_t;         /* [???] user IDs */
          ^
  note: '__uint128_t' declared here
  /Library/Developer/CommandLineTools/SDKs/MacOSX10.15.sdk/usr/include/sys/_types.h:76:9: error: unknown type name '__uint32_t'; did you mean '__uint128_t'?
  typedef __uint32_t      __darwin_useconds_t;    /* [???] microseconds */
          ^
  note: '__uint128_t' declared here
  In file included from lru.c:1:
  In file included from /Library/Developer/CommandLineTools/Library/Frameworks/Python3.framework/Versions/3.8/include/python3.8/Python.h:25:
  In file included from /Library/Developer/CommandLineTools/SDKs/MacOSX10.15.sdk/usr/include/stdio.h:64:
  In file included from /Library/Developer/CommandLineTools/SDKs/MacOSX10.15.sdk/usr/include/_stdio.h:71:
  /Library/Developer/CommandLineTools/SDKs/MacOSX10.15.sdk/usr/include/_types.h:43:9: error: unknown type name '__uint32_t'; did you mean '__uint128_t'?
  typedef __uint32_t      __darwin_wctype_t;
          ^
  note: '__uint128_t' declared here
  In file included from lru.c:1:
  In file included from /Library/Developer/CommandLineTools/Library/Frameworks/Python3.framework/Versions/3.8/include/python3.8/Python.h:25:
  In file included from /Library/Developer/CommandLineTools/SDKs/MacOSX10.15.sdk/usr/include/stdio.h:64:
  In file included from /Library/Developer/CommandLineTools/SDKs/MacOSX10.15.sdk/usr/include/_stdio.h:75:
  In file included from /Library/Developer/CommandLineTools/SDKs/MacOSX10.15.sdk/usr/include/sys/_types/_va_list.h:31:
  /Library/Developer/CommandLineTools/SDKs/MacOSX10.15.sdk/usr/include/machine/types.h:37:2: error: architecture not supported
  #error architecture not supported
   ^
  fatal error: too many errors emitted, stopping now [-ferror-limit=]
  20 errors generated.
  error: command 'clang' failed with exit status 1
  ----------------------------------------
  ERROR: Failed building wheel for lru-dict
    ERROR: Command errored out with exit status 1:
     command: /Users/zachstamegna/.local/pipx/venvs/eth-brownie/bin/python -u -c 'import io, os, sys, setuptools, tokenize; sys.argv[0] = '"'"'/private/var/folders/4y/hxsvtktj08d_6zgf95qn5clc0000gp/T/pip-install-xhurh1vq/cytoolz_77210ce7978248cb87cd8b1bfb2f2a88/setup.py'"'"'; __file__='"'"'/private/var/folders/4y/hxsvtktj08d_6zgf95qn5clc0000gp/T/pip-install-xhurh1vq/cytoolz_77210ce7978248cb87cd8b1bfb2f2a88/setup.py'"'"';f = getattr(tokenize, '"'"'open'"'"', open)(__file__) if os.path.exists(__file__) else io.StringIO('"'"'from setuptools import setup; setup()'"'"');code = f.read().replace('"'"'\r\n'"'"', '"'"'\n'"'"');f.close();exec(compile(code, __file__, '"'"'exec'"'"'))' install --record /private/var/folders/4y/hxsvtktj08d_6zgf95qn5clc0000gp/T/pip-record-s4wr1h8g/install-record.txt --single-version-externally-managed --compile --install-headers /Users/zachstamegna/.local/pipx/venvs/eth-brownie/include/site/python3.8/cytoolz
         cwd: /private/var/folders/4y/hxsvtktj08d_6zgf95qn5clc0000gp/T/pip-install-xhurh1vq/cytoolz_77210ce7978248cb87cd8b1bfb2f2a88/
    Complete output (151 lines):
    ALERT: Cython not installed.  Building without Cython.
    running install
    running build
    running build_py
    creating build
    creating build/lib.macosx-10.14.6-x86_64-3.8
    creating build/lib.macosx-10.14.6-x86_64-3.8/cytoolz
    copying cytoolz/compatibility.py -> build/lib.macosx-10.14.6-x86_64-3.8/cytoolz
    copying cytoolz/utils_test.py -> build/lib.macosx-10.14.6-x86_64-3.8/cytoolz
    copying cytoolz/_version.py -> build/lib.macosx-10.14.6-x86_64-3.8/cytoolz
    copying cytoolz/__init__.py -> build/lib.macosx-10.14.6-x86_64-3.8/cytoolz
    copying cytoolz/_signatures.py -> build/lib.macosx-10.14.6-x86_64-3.8/cytoolz
    creating build/lib.macosx-10.14.6-x86_64-3.8/cytoolz/curried
    copying cytoolz/curried/operator.py -> build/lib.macosx-10.14.6-x86_64-3.8/cytoolz/curried
    copying cytoolz/curried/__init__.py -> build/lib.macosx-10.14.6-x86_64-3.8/cytoolz/curried
    copying cytoolz/curried/exceptions.py -> build/lib.macosx-10.14.6-x86_64-3.8/cytoolz/curried
    copying cytoolz/itertoolz.pyx -> build/lib.macosx-10.14.6-x86_64-3.8/cytoolz
    copying cytoolz/dicttoolz.pyx -> build/lib.macosx-10.14.6-x86_64-3.8/cytoolz
    copying cytoolz/functoolz.pyx -> build/lib.macosx-10.14.6-x86_64-3.8/cytoolz
    copying cytoolz/recipes.pyx -> build/lib.macosx-10.14.6-x86_64-3.8/cytoolz
    copying cytoolz/utils.pyx -> build/lib.macosx-10.14.6-x86_64-3.8/cytoolz
    copying cytoolz/utils.pxd -> build/lib.macosx-10.14.6-x86_64-3.8/cytoolz
    copying cytoolz/__init__.pxd -> build/lib.macosx-10.14.6-x86_64-3.8/cytoolz
    copying cytoolz/recipes.pxd -> build/lib.macosx-10.14.6-x86_64-3.8/cytoolz
    copying cytoolz/functoolz.pxd -> build/lib.macosx-10.14.6-x86_64-3.8/cytoolz
    copying cytoolz/dicttoolz.pxd -> build/lib.macosx-10.14.6-x86_64-3.8/cytoolz
    copying cytoolz/cpython.pxd -> build/lib.macosx-10.14.6-x86_64-3.8/cytoolz
    copying cytoolz/itertoolz.pxd -> build/lib.macosx-10.14.6-x86_64-3.8/cytoolz
    creating build/lib.macosx-10.14.6-x86_64-3.8/cytoolz/tests
    copying cytoolz/tests/test_none_safe.py -> build/lib.macosx-10.14.6-x86_64-3.8/cytoolz/tests
    copying cytoolz/tests/test_utils.py -> build/lib.macosx-10.14.6-x86_64-3.8/cytoolz/tests
    copying cytoolz/tests/test_curried.py -> build/lib.macosx-10.14.6-x86_64-3.8/cytoolz/tests
    copying cytoolz/tests/test_compatibility.py -> build/lib.macosx-10.14.6-x86_64-3.8/cytoolz/tests
    copying cytoolz/tests/test_embedded_sigs.py -> build/lib.macosx-10.14.6-x86_64-3.8/cytoolz/tests
    copying cytoolz/tests/test_functoolz.py -> build/lib.macosx-10.14.6-x86_64-3.8/cytoolz/tests
    copying cytoolz/tests/test_inspect_args.py -> build/lib.macosx-10.14.6-x86_64-3.8/cytoolz/tests
    copying cytoolz/tests/test_doctests.py -> build/lib.macosx-10.14.6-x86_64-3.8/cytoolz/tests
    copying cytoolz/tests/test_tlz.py -> build/lib.macosx-10.14.6-x86_64-3.8/cytoolz/tests
    copying cytoolz/tests/test_signatures.py -> build/lib.macosx-10.14.6-x86_64-3.8/cytoolz/tests
    copying cytoolz/tests/dev_skip_test.py -> build/lib.macosx-10.14.6-x86_64-3.8/cytoolz/tests
    copying cytoolz/tests/test_recipes.py -> build/lib.macosx-10.14.6-x86_64-3.8/cytoolz/tests
    copying cytoolz/tests/test_docstrings.py -> build/lib.macosx-10.14.6-x86_64-3.8/cytoolz/tests
    copying cytoolz/tests/test_dev_skip_test.py -> build/lib.macosx-10.14.6-x86_64-3.8/cytoolz/tests
    copying cytoolz/tests/test_dicttoolz.py -> build/lib.macosx-10.14.6-x86_64-3.8/cytoolz/tests
    copying cytoolz/tests/test_serialization.py -> build/lib.macosx-10.14.6-x86_64-3.8/cytoolz/tests
    copying cytoolz/tests/test_curried_toolzlike.py -> build/lib.macosx-10.14.6-x86_64-3.8/cytoolz/tests
    copying cytoolz/tests/test_itertoolz.py -> build/lib.macosx-10.14.6-x86_64-3.8/cytoolz/tests
    running build_ext
    building 'cytoolz.dicttoolz' extension
    creating build/temp.macosx-10.14.6-x86_64-3.8
    creating build/temp.macosx-10.14.6-x86_64-3.8/cytoolz
    clang -Wno-unused-result -Wsign-compare -Wunreachable-code -fno-common -dynamic -DNDEBUG -g -fwrapv -O3 -Wall -iwithsysroot/System/Library/Frameworks/System.framework/PrivateHeaders -iwithsysroot/Applications/Xcode.app/Contents/Developer/Library/Frameworks/Python3.framework/Versions/3.8/Headers -arch arm64 -arch x86_64 -I/Users/zachstamegna/.local/pipx/venvs/eth-brownie/include -I/Library/Developer/CommandLineTools/Library/Frameworks/Python3.framework/Versions/3.8/include/python3.8 -c cytoolz/dicttoolz.c -o build/temp.macosx-10.14.6-x86_64-3.8/cytoolz/dicttoolz.o
    In file included from cytoolz/dicttoolz.c:17:
    In file included from /Library/Developer/CommandLineTools/Library/Frameworks/Python3.framework/Versions/3.8/include/python3.8/Python.h:11:
    In file included from /Library/Developer/CommandLineTools/usr/lib/clang/12.0.0/include/limits.h:21:
    In file included from /Library/Developer/CommandLineTools/SDKs/MacOSX10.15.sdk/usr/include/limits.h:63:
    /Library/Developer/CommandLineTools/SDKs/MacOSX10.15.sdk/usr/include/sys/cdefs.h:807:2: error: Unsupported architecture
    #error Unsupported architecture
     ^
    In file included from cytoolz/dicttoolz.c:17:
    In file included from /Library/Developer/CommandLineTools/Library/Frameworks/Python3.framework/Versions/3.8/include/python3.8/Python.h:11:
    In file included from /Library/Developer/CommandLineTools/usr/lib/clang/12.0.0/include/limits.h:21:
    In file included from /Library/Developer/CommandLineTools/SDKs/MacOSX10.15.sdk/usr/include/limits.h:64:
    /Library/Developer/CommandLineTools/SDKs/MacOSX10.15.sdk/usr/include/machine/limits.h:8:2: error: architecture not supported
    #error architecture not supported
     ^
    In file included from cytoolz/dicttoolz.c:17:
    In file included from /Library/Developer/CommandLineTools/Library/Frameworks/Python3.framework/Versions/3.8/include/python3.8/Python.h:25:
    In file included from /Library/Developer/CommandLineTools/SDKs/MacOSX10.15.sdk/usr/include/stdio.h:64:
    In file included from /Library/Developer/CommandLineTools/SDKs/MacOSX10.15.sdk/usr/include/_stdio.h:71:
    In file included from /Library/Developer/CommandLineTools/SDKs/MacOSX10.15.sdk/usr/include/_types.h:27:
    In file included from /Library/Developer/CommandLineTools/SDKs/MacOSX10.15.sdk/usr/include/sys/_types.h:33:
    /Library/Developer/CommandLineTools/SDKs/MacOSX10.15.sdk/usr/include/machine/_types.h:34:2: error: architecture not supported
    #error architecture not supported
     ^
    In file included from cytoolz/dicttoolz.c:17:
    In file included from /Library/Developer/CommandLineTools/Library/Frameworks/Python3.framework/Versions/3.8/include/python3.8/Python.h:25:
    In file included from /Library/Developer/CommandLineTools/SDKs/MacOSX10.15.sdk/usr/include/stdio.h:64:
    In file included from /Library/Developer/CommandLineTools/SDKs/MacOSX10.15.sdk/usr/include/_stdio.h:71:
    In file included from /Library/Developer/CommandLineTools/SDKs/MacOSX10.15.sdk/usr/include/_types.h:27:
    /Library/Developer/CommandLineTools/SDKs/MacOSX10.15.sdk/usr/include/sys/_types.h:55:9: error: unknown type name '__int64_t'
    typedef __int64_t       __darwin_blkcnt_t;      /* total blocks */
            ^
    /Library/Developer/CommandLineTools/SDKs/MacOSX10.15.sdk/usr/include/sys/_types.h:56:9: error: unknown type name '__int32_t'; did you mean '__int128_t'?
    typedef __int32_t       __darwin_blksize_t;     /* preferred block size */
            ^
    note: '__int128_t' declared here
    /Library/Developer/CommandLineTools/SDKs/MacOSX10.15.sdk/usr/include/sys/_types.h:57:9: error: unknown type name '__int32_t'; did you mean '__int128_t'?
    typedef __int32_t       __darwin_dev_t;         /* dev_t */
            ^
    note: '__int128_t' declared here
    /Library/Developer/CommandLineTools/SDKs/MacOSX10.15.sdk/usr/include/sys/_types.h:60:9: error: unknown type name '__uint32_t'; did you mean '__uint128_t'?
    typedef __uint32_t      __darwin_gid_t;         /* [???] process and group IDs */
            ^
    note: '__uint128_t' declared here
    /Library/Developer/CommandLineTools/SDKs/MacOSX10.15.sdk/usr/include/sys/_types.h:61:9: error: unknown type name '__uint32_t'; did you mean '__uint128_t'?
    typedef __uint32_t      __darwin_id_t;          /* [XSI] pid_t, uid_t, or gid_t*/
            ^
    note: '__uint128_t' declared here
    /Library/Developer/CommandLineTools/SDKs/MacOSX10.15.sdk/usr/include/sys/_types.h:62:9: error: unknown type name '__uint64_t'
    typedef __uint64_t      __darwin_ino64_t;       /* [???] Used for 64 bit inodes */
            ^
    /Library/Developer/CommandLineTools/SDKs/MacOSX10.15.sdk/usr/include/sys/_types.h:68:9: error: unknown type name '__darwin_natural_t'
    typedef __darwin_natural_t __darwin_mach_port_name_t; /* Used by mach */
            ^
    /Library/Developer/CommandLineTools/SDKs/MacOSX10.15.sdk/usr/include/sys/_types.h:70:9: error: unknown type name '__uint16_t'; did you mean '__uint128_t'?
    typedef __uint16_t      __darwin_mode_t;        /* [???] Some file attributes */
            ^
    note: '__uint128_t' declared here
    /Library/Developer/CommandLineTools/SDKs/MacOSX10.15.sdk/usr/include/sys/_types.h:71:9: error: unknown type name '__int64_t'
    typedef __int64_t       __darwin_off_t;         /* [???] Used for file sizes */
            ^
    /Library/Developer/CommandLineTools/SDKs/MacOSX10.15.sdk/usr/include/sys/_types.h:72:9: error: unknown type name '__int32_t'; did you mean '__int128_t'?
    typedef __int32_t       __darwin_pid_t;         /* [???] process and group IDs */
            ^
    note: '__int128_t' declared here
    /Library/Developer/CommandLineTools/SDKs/MacOSX10.15.sdk/usr/include/sys/_types.h:73:9: error: unknown type name '__uint32_t'; did you mean '__uint128_t'?
    typedef __uint32_t      __darwin_sigset_t;      /* [???] signal set */
            ^
    note: '__uint128_t' declared here
    /Library/Developer/CommandLineTools/SDKs/MacOSX10.15.sdk/usr/include/sys/_types.h:74:9: error: unknown type name '__int32_t'; did you mean '__int128_t'?
    typedef __int32_t       __darwin_suseconds_t;   /* [???] microseconds */
            ^
    note: '__int128_t' declared here
    /Library/Developer/CommandLineTools/SDKs/MacOSX10.15.sdk/usr/include/sys/_types.h:75:9: error: unknown type name '__uint32_t'; did you mean '__uint128_t'?
    typedef __uint32_t      __darwin_uid_t;         /* [???] user IDs */
            ^
    note: '__uint128_t' declared here
    /Library/Developer/CommandLineTools/SDKs/MacOSX10.15.sdk/usr/include/sys/_types.h:76:9: error: unknown type name '__uint32_t'; did you mean '__uint128_t'?
    typedef __uint32_t      __darwin_useconds_t;    /* [???] microseconds */
            ^
    note: '__uint128_t' declared here
    In file included from cytoolz/dicttoolz.c:17:
    In file included from /Library/Developer/CommandLineTools/Library/Frameworks/Python3.framework/Versions/3.8/include/python3.8/Python.h:25:
    In file included from /Library/Developer/CommandLineTools/SDKs/MacOSX10.15.sdk/usr/include/stdio.h:64:
    In file included from /Library/Developer/CommandLineTools/SDKs/MacOSX10.15.sdk/usr/include/_stdio.h:71:
    /Library/Developer/CommandLineTools/SDKs/MacOSX10.15.sdk/usr/include/_types.h:43:9: error: unknown type name '__uint32_t'; did you mean '__uint128_t'?
    typedef __uint32_t      __darwin_wctype_t;
            ^
    note: '__uint128_t' declared here
    In file included from cytoolz/dicttoolz.c:17:
    In file included from /Library/Developer/CommandLineTools/Library/Frameworks/Python3.framework/Versions/3.8/include/python3.8/Python.h:25:
    In file included from /Library/Developer/CommandLineTools/SDKs/MacOSX10.15.sdk/usr/include/stdio.h:64:
    In file included from /Library/Developer/CommandLineTools/SDKs/MacOSX10.15.sdk/usr/include/_stdio.h:75:
    In file included from /Library/Developer/CommandLineTools/SDKs/MacOSX10.15.sdk/usr/include/sys/_types/_va_list.h:31:
    /Library/Developer/CommandLineTools/SDKs/MacOSX10.15.sdk/usr/include/machine/types.h:37:2: error: architecture not supported
    #error architecture not supported
     ^
    fatal error: too many errors emitted, stopping now [-ferror-limit=]
    20 errors generated.
    error: command 'clang' failed with exit status 1
    ----------------------------------------
ERROR: Command errored out with exit status 1: /Users/zachstamegna/.local/pipx/venvs/eth-brownie/bin/python -u -c 'import io, os, sys, setuptools, tokenize; sys.argv[0] = '"'"'/private/var/folders/4y/hxsvtktj08d_6zgf95qn5clc0000gp/T/pip-install-xhurh1vq/cytoolz_77210ce7978248cb87cd8b1bfb2f2a88/setup.py'"'"'; __file__='"'"'/private/var/folders/4y/hxsvtktj08d_6zgf95qn5clc0000gp/T/pip-install-xhurh1vq/cytoolz_77210ce7978248cb87cd8b1bfb2f2a88/setup.py'"'"';f = getattr(tokenize, '"'"'open'"'"', open)(__file__) if os.path.exists(__file__) else io.StringIO('"'"'from setuptools import setup; setup()'"'"');code = f.read().replace('"'"'\r\n'"'"', '"'"'\n'"'"');f.close();exec(compile(code, __file__, '"'"'exec'"'"'))' install --record /private/var/folders/4y/hxsvtktj08d_6zgf95qn5clc0000gp/T/pip-record-s4wr1h8g/install-record.txt --single-version-externally-managed --compile --install-headers /Users/zachstamegna/.local/pipx/venvs/eth-brownie/include/site/python3.8/cytoolz Check the logs for full command output.
