PIP STDOUT
----------
Collecting eth-brownie
  Using cached eth_brownie-1.17.0-py3-none-any.whl (221 kB)
Collecting varint==1.0.2
  Using cached varint-1.0.2-py3-none-any.whl
Collecting click==8.0.3
  Using cached click-8.0.3-py3-none-any.whl (97 kB)
Collecting prompt-toolkit==3.0.20
  Using cached prompt_toolkit-3.0.20-py3-none-any.whl (370 kB)
Collecting chardet==4.0.0
  Using cached chardet-4.0.0-py2.py3-none-any.whl (178 kB)
Collecting eth-rlp==0.2.1
  Using cached eth_rlp-0.2.1-py3-none-any.whl (5.0 kB)
Collecting multiaddr==0.0.9
  Using cached multiaddr-0.0.9-py2.py3-none-any.whl (16 kB)
Collecting eth-keys==0.3.3
  Using cached eth_keys-0.3.3-py3-none-any.whl (20 kB)
Collecting psutil==5.8.0
  Using cached psutil-5.8.0-cp38-cp38-macosx_10_9_x86_64.whl (236 kB)
Collecting py-solc-x==1.1.1
  Using cached py_solc_x-1.1.1-py3-none-any.whl (15 kB)
Collecting toml==0.10.2
  Using cached toml-0.10.2-py2.py3-none-any.whl (16 kB)
Collecting pyyaml==5.4.1
  Using cached PyYAML-5.4.1-cp38-cp38-macosx_10_9_x86_64.whl (253 kB)
Collecting toolz==0.11.1
  Using cached toolz-0.11.1-py3-none-any.whl (55 kB)
Collecting cytoolz==0.11.0
  Using cached cytoolz-0.11.0-cp38-cp38-macosx_10_9_x86_64.whl (399 kB)
Collecting hypothesis==6.23.2
  Using cached hypothesis-6.23.2-py3-none-any.whl (381 kB)
Collecting py-solc-ast==1.2.9
  Using cached py_solc_ast-1.2.9-py3-none-any.whl (10 kB)
Collecting six==1.16.0
  Using cached six-1.16.0-py2.py3-none-any.whl (11 kB)
Collecting mythx-models==1.9.1
  Using cached mythx_models-1.9.1-py2.py3-none-any.whl (82 kB)
Collecting iniconfig==1.1.1
  Using cached iniconfig-1.1.1-py2.py3-none-any.whl (5.0 kB)
Collecting execnet==1.9.0
  Using cached execnet-1.9.0-py2.py3-none-any.whl (39 kB)
Collecting semantic-version==2.8.5
  Using cached semantic_version-2.8.5-py2.py3-none-any.whl (15 kB)
Collecting eip712==0.1.0
  Using cached eip712-0.1.0-py3-none-any.whl (13 kB)
Collecting aiohttp==3.7.4.post0
  Using cached aiohttp-3.7.4.post0-cp38-cp38-macosx_10_14_x86_64.whl (648 kB)
Collecting wcwidth==0.2.5
  Using cached wcwidth-0.2.5-py2.py3-none-any.whl (30 kB)
Collecting eth-keyfile==0.5.1
  Using cached eth_keyfile-0.5.1-py3-none-any.whl (8.3 kB)
Collecting idna==3.2
  Using cached idna-3.2-py3-none-any.whl (59 kB)
Collecting websockets==9.1
  Using cached websockets-9.1-cp38-cp38-macosx_10_9_x86_64.whl (88 kB)
Collecting tomli==1.2.1
  Using cached tomli-1.2.1-py3-none-any.whl (11 kB)
Collecting pygments==2.10.0
  Using cached Pygments-2.10.0-py3-none-any.whl (1.0 MB)
Collecting pytest-xdist==1.34.0
  Using cached pytest_xdist-1.34.0-py2.py3-none-any.whl (36 kB)
Collecting hexbytes==0.2.2
  Using cached hexbytes-0.2.2-py3-none-any.whl (6.1 kB)
Collecting parsimonious==0.8.1
  Using cached parsimonious-0.8.1-py3-none-any.whl
Collecting pycryptodome==3.11.0
  Using cached pycryptodome-3.11.0-cp35-abi3-macosx_10_9_x86_64.whl (1.5 MB)
Collecting pyjwt==1.7.1
  Using cached PyJWT-1.7.1-py2.py3-none-any.whl (18 kB)
Collecting eth-typing==2.2.2
  Using cached eth_typing-2.2.2-py3-none-any.whl (6.2 kB)
Collecting eth-abi==2.1.1
  Using cached eth_abi-2.1.1-py3-none-any.whl (27 kB)
Collecting pyrsistent==0.18.0
  Using cached pyrsistent-0.18.0-cp38-cp38-macosx_10_9_x86_64.whl (68 kB)
Collecting python-dateutil==2.8.1
  Using cached python_dateutil-2.8.1-py2.py3-none-any.whl (227 kB)
Collecting async-timeout==3.0.1
  Using cached async_timeout-3.0.1-py3-none-any.whl (8.2 kB)
Collecting eth-account==0.5.6
  Using cached eth_account-0.5.6-py3-none-any.whl (101 kB)
Collecting charset-normalizer==2.0.7
  Using cached charset_normalizer-2.0.7-py3-none-any.whl (38 kB)
Collecting asttokens==2.0.4
  Using cached asttokens-2.0.4-py2.py3-none-any.whl (20 kB)
Collecting eth-event==1.2.3
  Using cached eth_event-1.2.3-py3-none-any.whl (7.3 kB)
Collecting typing-extensions==3.10.0.2
  Using cached typing_extensions-3.10.0.2-py3-none-any.whl (26 kB)
Collecting yarl==1.7.0
  Using cached yarl-1.7.0-cp38-cp38-macosx_10_9_x86_64.whl (121 kB)
Collecting black==21.9b0
  Using cached black-21.9b0-py3-none-any.whl (148 kB)
Collecting netaddr==0.8.0
  Using cached netaddr-0.8.0-py2.py3-none-any.whl (1.9 MB)
Collecting bitarray==1.2.2
  Using cached bitarray-1.2.2.tar.gz (48 kB)
Collecting multidict==5.2.0
  Using cached multidict-5.2.0-cp38-cp38-macosx_10_9_x86_64.whl (45 kB)
Collecting dataclassy==0.11.0
  Using cached dataclassy-0.11.0-py3-none-any.whl (23 kB)
Collecting pathspec==0.9.0
  Using cached pathspec-0.9.0-py2.py3-none-any.whl (31 kB)
Collecting py==1.10.0
  Using cached py-1.10.0-py2.py3-none-any.whl (97 kB)
Collecting python-dotenv==0.16.0
  Using cached python_dotenv-0.16.0-py2.py3-none-any.whl (18 kB)
Collecting certifi==2021.10.8
  Using cached certifi-2021.10.8-py2.py3-none-any.whl (149 kB)
Collecting regex==2021.10.8
  Using cached regex-2021.10.8-cp38-cp38-macosx_10_9_x86_64.whl (288 kB)
Collecting mypy-extensions==0.4.3
  Using cached mypy_extensions-0.4.3-py2.py3-none-any.whl (4.5 kB)
Collecting pygments-lexer-solidity==0.7.0
  Using cached pygments_lexer_solidity-0.7.0-py3-none-any.whl
Collecting eth-utils==1.10.0
  Using cached eth_utils-1.10.0-py3-none-any.whl (24 kB)
Collecting pytest-forked==1.3.0
  Using cached pytest_forked-1.3.0-py2.py3-none-any.whl (4.7 kB)
Collecting ipfshttpclient==0.8.0a2
  Using cached ipfshttpclient-0.8.0a2-py3-none-any.whl (82 kB)
Collecting vvm==0.1.0
  Using cached vvm-0.1.0-py3-none-any.whl (11 kB)
Collecting rlp==1.2.0
  Using cached rlp-1.2.0-py2.py3-none-any.whl (19 kB)
Collecting pyparsing==2.4.7
  Using cached pyparsing-2.4.7-py2.py3-none-any.whl (67 kB)
Collecting web3==5.24.0
  Using cached web3-5.24.0-py3-none-any.whl (487 kB)
Collecting pythx==1.6.1
  Using cached pythx-1.6.1-py2.py3-none-any.whl (39 kB)
Collecting tqdm==4.62.3
  Using cached tqdm-4.62.3-py2.py3-none-any.whl (76 kB)
Collecting inflection==0.5.0
  Using cached inflection-0.5.0-py2.py3-none-any.whl (5.8 kB)
Collecting attrs==21.2.0
  Using cached attrs-21.2.0-py2.py3-none-any.whl (53 kB)
Collecting vyper==0.3.0
  Using cached vyper-0.3.0-py3-none-any.whl (237 kB)
Collecting urllib3==1.26.7
  Using cached urllib3-1.26.7-py2.py3-none-any.whl (138 kB)
Collecting lru-dict==1.1.7
  Using cached lru-dict-1.1.7.tar.gz (10 kB)
Collecting sortedcontainers==2.4.0
  Using cached sortedcontainers-2.4.0-py2.py3-none-any.whl (29 kB)
Collecting packaging==21.0
  Using cached packaging-21.0-py3-none-any.whl (40 kB)
Collecting base58==2.1.0
  Using cached base58-2.1.0-py3-none-any.whl (5.6 kB)
Collecting jsonschema==3.2.0
  Using cached jsonschema-3.2.0-py2.py3-none-any.whl (56 kB)
Collecting lazy-object-proxy==1.6.0
  Using cached lazy_object_proxy-1.6.0-cp38-cp38-macosx_10_14_x86_64.whl
Collecting protobuf==3.18.1
  Using cached protobuf-3.18.1-cp38-cp38-macosx_10_9_x86_64.whl (1.0 MB)
Collecting eth-hash[pycryptodome]==0.3.2
  Using cached eth_hash-0.3.2-py3-none-any.whl (8.8 kB)
Collecting pytest==6.2.5
  Using cached pytest-6.2.5-py3-none-any.whl (280 kB)
Collecting wrapt==1.13.1
  Using cached wrapt-1.13.1-cp38-cp38-macosx_10_9_x86_64.whl (33 kB)
Collecting requests==2.26.0
  Using cached requests-2.26.0-py2.py3-none-any.whl (62 kB)
Collecting pluggy==1.0.0
  Using cached pluggy-1.0.0-py2.py3-none-any.whl (13 kB)
Collecting platformdirs==2.4.0
  Using cached platformdirs-2.4.0-py3-none-any.whl (14 kB)
Requirement already satisfied: setuptools in /Users/zachstamegna/.local/pipx/shared/lib/python3.8/site-packages (from jsonschema==3.2.0->eth-brownie) (57.4.0)
Building wheels for collected packages: bitarray, lru-dict
  Building wheel for bitarray (setup.py): started
  Building wheel for bitarray (setup.py): finished with status 'error'
  Running setup.py clean for bitarray
  Building wheel for lru-dict (setup.py): started
  Building wheel for lru-dict (setup.py): finished with status 'error'
  Running setup.py clean for lru-dict
Failed to build bitarray lru-dict
Installing collected packages: toolz, eth-typing, eth-hash, cytoolz, six, pyparsing, eth-utils, varint, urllib3, toml, rlp, pyrsistent, pycryptodome, py, pluggy, parsimonious, packaging, netaddr, multidict, iniconfig, idna, hexbytes, eth-keys, charset-normalizer, certifi, base58, attrs, yarl, typing-extensions, requests, python-dateutil, pytest, multiaddr, jsonschema, inflection, eth-rlp, eth-keyfile, eth-abi, chardet, bitarray, async-timeout, websockets, wcwidth, tomli, sortedcontainers, semantic-version, regex, pytest-forked, pyjwt, pygments, protobuf, platformdirs, pathspec, mythx-models, mypy-extensions, lru-dict, ipfshttpclient, execnet, eth-account, dataclassy, click, asttokens, aiohttp, wrapt, web3, vyper, vvm, tqdm, pyyaml, pythx, python-dotenv, pytest-xdist, pygments-lexer-solidity, py-solc-x, py-solc-ast, psutil, prompt-toolkit, lazy-object-proxy, hypothesis, eth-event, eip712, black, eth-brownie
    Running setup.py install for bitarray: started
    Running setup.py install for bitarray: finished with status 'error'

PIP STDERR
----------
  ERROR: Command errored out with exit status 1:
   command: /Users/zachstamegna/.local/pipx/venvs/eth-brownie/bin/python -u -c 'import io, os, sys, setuptools, tokenize; sys.argv[0] = '"'"'/private/var/folders/4y/hxsvtktj08d_6zgf95qn5clc0000gp/T/pip-install-8zf3iglz/bitarray_83f7901146334770bad6adf9527792dc/setup.py'"'"'; __file__='"'"'/private/var/folders/4y/hxsvtktj08d_6zgf95qn5clc0000gp/T/pip-install-8zf3iglz/bitarray_83f7901146334770bad6adf9527792dc/setup.py'"'"';f = getattr(tokenize, '"'"'open'"'"', open)(__file__) if os.path.exists(__file__) else io.StringIO('"'"'from setuptools import setup; setup()'"'"');code = f.read().replace('"'"'\r\n'"'"', '"'"'\n'"'"');f.close();exec(compile(code, __file__, '"'"'exec'"'"'))' bdist_wheel -d /private/var/folders/4y/hxsvtktj08d_6zgf95qn5clc0000gp/T/pip-wheel-9dj6o15r
       cwd: /private/var/folders/4y/hxsvtktj08d_6zgf95qn5clc0000gp/T/pip-install-8zf3iglz/bitarray_83f7901146334770bad6adf9527792dc/
  Complete output (114 lines):
  running bdist_wheel
  running build
  running build_py
  creating build
  creating build/lib.macosx-10.14.6-x86_64-3.8
  creating build/lib.macosx-10.14.6-x86_64-3.8/bitarray
  copying bitarray/util.py -> build/lib.macosx-10.14.6-x86_64-3.8/bitarray
  copying bitarray/__init__.py -> build/lib.macosx-10.14.6-x86_64-3.8/bitarray
  copying bitarray/test_bitarray.py -> build/lib.macosx-10.14.6-x86_64-3.8/bitarray
  copying bitarray/test_util.py -> build/lib.macosx-10.14.6-x86_64-3.8/bitarray
  running build_ext
  building 'bitarray._bitarray' extension
  creating build/temp.macosx-10.14.6-x86_64-3.8
  creating build/temp.macosx-10.14.6-x86_64-3.8/bitarray
  clang -Wno-unused-result -Wsign-compare -Wunreachable-code -fno-common -dynamic -DNDEBUG -g -fwrapv -O3 -Wall -iwithsysroot/System/Library/Frameworks/System.framework/PrivateHeaders -iwithsysroot/Applications/Xcode.app/Contents/Developer/Library/Frameworks/Python3.framework/Versions/3.8/Headers -arch arm64 -arch x86_64 -I/Users/zachstamegna/.local/pipx/venvs/eth-brownie/include -I/Library/Developer/CommandLineTools/Library/Frameworks/Python3.framework/Versions/3.8/include/python3.8 -c bitarray/_bitarray.c -o build/temp.macosx-10.14.6-x86_64-3.8/bitarray/_bitarray.o
  In file included from bitarray/_bitarray.c:12:
  In file included from /Library/Developer/CommandLineTools/Library/Frameworks/Python3.framework/Versions/3.8/include/python3.8/Python.h:11:
  In file included from /Library/Developer/CommandLineTools/usr/lib/clang/12.0.0/include/limits.h:21:
  In file included from /Library/Developer/CommandLineTools/SDKs/MacOSX10.15.sdk/usr/include/limits.h:63:
  /Library/Developer/CommandLineTools/SDKs/MacOSX10.15.sdk/usr/include/sys/cdefs.h:807:2: error: Unsupported architecture
  #error Unsupported architecture
   ^
  In file included from bitarray/_bitarray.c:12:
  In file included from /Library/Developer/CommandLineTools/Library/Frameworks/Python3.framework/Versions/3.8/include/python3.8/Python.h:11:
  In file included from /Library/Developer/CommandLineTools/usr/lib/clang/12.0.0/include/limits.h:21:
  In file included from /Library/Developer/CommandLineTools/SDKs/MacOSX10.15.sdk/usr/include/limits.h:64:
  /Library/Developer/CommandLineTools/SDKs/MacOSX10.15.sdk/usr/include/machine/limits.h:8:2: error: architecture not supported
  #error architecture not supported
   ^
  In file included from bitarray/_bitarray.c:12:
  In file included from /Library/Developer/CommandLineTools/Library/Frameworks/Python3.framework/Versions/3.8/include/python3.8/Python.h:25:
  In file included from /Library/Developer/CommandLineTools/SDKs/MacOSX10.15.sdk/usr/include/stdio.h:64:
  In file included from /Library/Developer/CommandLineTools/SDKs/MacOSX10.15.sdk/usr/include/_stdio.h:71:
  In file included from /Library/Developer/CommandLineTools/SDKs/MacOSX10.15.sdk/usr/include/_types.h:27:
  In file included from /Library/Developer/CommandLineTools/SDKs/MacOSX10.15.sdk/usr/include/sys/_types.h:33:
  /Library/Developer/CommandLineTools/SDKs/MacOSX10.15.sdk/usr/include/machine/_types.h:34:2: error: architecture not supported
  #error architecture not supported
   ^
  In file included from bitarray/_bitarray.c:12:
  In file included from /Library/Developer/CommandLineTools/Library/Frameworks/Python3.framework/Versions/3.8/include/python3.8/Python.h:25:
  In file included from /Library/Developer/CommandLineTools/SDKs/MacOSX10.15.sdk/usr/include/stdio.h:64:
  In file included from /Library/Developer/CommandLineTools/SDKs/MacOSX10.15.sdk/usr/include/_stdio.h:71:
  In file included from /Library/Developer/CommandLineTools/SDKs/MacOSX10.15.sdk/usr/include/_types.h:27:
  /Library/Developer/CommandLineTools/SDKs/MacOSX10.15.sdk/usr/include/sys/_types.h:55:9: error: unknown type name '__int64_t'
  typedef __int64_t       __darwin_blkcnt_t;      /* total blocks */
          ^
  /Library/Developer/CommandLineTools/SDKs/MacOSX10.15.sdk/usr/include/sys/_types.h:56:9: error: unknown type name '__int32_t'; did you mean '__int128_t'?
  typedef __int32_t       __darwin_blksize_t;     /* preferred block size */
          ^
  note: '__int128_t' declared here
  /Library/Developer/CommandLineTools/SDKs/MacOSX10.15.sdk/usr/include/sys/_types.h:57:9: error: unknown type name '__int32_t'; did you mean '__int128_t'?
  typedef __int32_t       __darwin_dev_t;         /* dev_t */
          ^
  note: '__int128_t' declared here
  /Library/Developer/CommandLineTools/SDKs/MacOSX10.15.sdk/usr/include/sys/_types.h:60:9: error: unknown type name '__uint32_t'; did you mean '__uint128_t'?
  typedef __uint32_t      __darwin_gid_t;         /* [???] process and group IDs */
          ^
  note: '__uint128_t' declared here
  /Library/Developer/CommandLineTools/SDKs/MacOSX10.15.sdk/usr/include/sys/_types.h:61:9: error: unknown type name '__uint32_t'; did you mean '__uint128_t'?
  typedef __uint32_t      __darwin_id_t;          /* [XSI] pid_t, uid_t, or gid_t*/
          ^
  note: '__uint128_t' declared here
  /Library/Developer/CommandLineTools/SDKs/MacOSX10.15.sdk/usr/include/sys/_types.h:62:9: error: unknown type name '__uint64_t'
  typedef __uint64_t      __darwin_ino64_t;       /* [???] Used for 64 bit inodes */
          ^
  /Library/Developer/CommandLineTools/SDKs/MacOSX10.15.sdk/usr/include/sys/_types.h:68:9: error: unknown type name '__darwin_natural_t'
  typedef __darwin_natural_t __darwin_mach_port_name_t; /* Used by mach */
          ^
  /Library/Developer/CommandLineTools/SDKs/MacOSX10.15.sdk/usr/include/sys/_types.h:70:9: error: unknown type name '__uint16_t'; did you mean '__uint128_t'?
  typedef __uint16_t      __darwin_mode_t;        /* [???] Some file attributes */
          ^
  note: '__uint128_t' declared here
  /Library/Developer/CommandLineTools/SDKs/MacOSX10.15.sdk/usr/include/sys/_types.h:71:9: error: unknown type name '__int64_t'
  typedef __int64_t       __darwin_off_t;         /* [???] Used for file sizes */
          ^
  /Library/Developer/CommandLineTools/SDKs/MacOSX10.15.sdk/usr/include/sys/_types.h:72:9: error: unknown type name '__int32_t'; did you mean '__int128_t'?
  typedef __int32_t       __darwin_pid_t;         /* [???] process and group IDs */
          ^
  note: '__int128_t' declared here
  /Library/Developer/CommandLineTools/SDKs/MacOSX10.15.sdk/usr/include/sys/_types.h:73:9: error: unknown type name '__uint32_t'; did you mean '__uint128_t'?
  typedef __uint32_t      __darwin_sigset_t;      /* [???] signal set */
          ^
  note: '__uint128_t' declared here
  /Library/Developer/CommandLineTools/SDKs/MacOSX10.15.sdk/usr/include/sys/_types.h:74:9: error: unknown type name '__int32_t'; did you mean '__int128_t'?
  typedef __int32_t       __darwin_suseconds_t;   /* [???] microseconds */
          ^
  note: '__int128_t' declared here
  /Library/Developer/CommandLineTools/SDKs/MacOSX10.15.sdk/usr/include/sys/_types.h:75:9: error: unknown type name '__uint32_t'; did you mean '__uint128_t'?
  typedef __uint32_t      __darwin_uid_t;         /* [???] user IDs */
          ^
  note: '__uint128_t' declared here
  /Library/Developer/CommandLineTools/SDKs/MacOSX10.15.sdk/usr/include/sys/_types.h:76:9: error: unknown type name '__uint32_t'; did you mean '__uint128_t'?
  typedef __uint32_t      __darwin_useconds_t;    /* [???] microseconds */
          ^
  note: '__uint128_t' declared here
  In file included from bitarray/_bitarray.c:12:
  In file included from /Library/Developer/CommandLineTools/Library/Frameworks/Python3.framework/Versions/3.8/include/python3.8/Python.h:25:
  In file included from /Library/Developer/CommandLineTools/SDKs/MacOSX10.15.sdk/usr/include/stdio.h:64:
  In file included from /Library/Developer/CommandLineTools/SDKs/MacOSX10.15.sdk/usr/include/_stdio.h:71:
  /Library/Developer/CommandLineTools/SDKs/MacOSX10.15.sdk/usr/include/_types.h:43:9: error: unknown type name '__uint32_t'; did you mean '__uint128_t'?
  typedef __uint32_t      __darwin_wctype_t;
          ^
  note: '__uint128_t' declared here
  In file included from bitarray/_bitarray.c:12:
  In file included from /Library/Developer/CommandLineTools/Library/Frameworks/Python3.framework/Versions/3.8/include/python3.8/Python.h:25:
  In file included from /Library/Developer/CommandLineTools/SDKs/MacOSX10.15.sdk/usr/include/stdio.h:64:
  In file included from /Library/Developer/CommandLineTools/SDKs/MacOSX10.15.sdk/usr/include/_stdio.h:75:
  In file included from /Library/Developer/CommandLineTools/SDKs/MacOSX10.15.sdk/usr/include/sys/_types/_va_list.h:31:
  /Library/Developer/CommandLineTools/SDKs/MacOSX10.15.sdk/usr/include/machine/types.h:37:2: error: architecture not supported
  #error architecture not supported
   ^
  fatal error: too many errors emitted, stopping now [-ferror-limit=]
  20 errors generated.
  error: command 'clang' failed with exit status 1
  ----------------------------------------
  ERROR: Failed building wheel for bitarray
  ERROR: Command errored out with exit status 1:
   command: /Users/zachstamegna/.local/pipx/venvs/eth-brownie/bin/python -u -c 'import io, os, sys, setuptools, tokenize; sys.argv[0] = '"'"'/private/var/folders/4y/hxsvtktj08d_6zgf95qn5clc0000gp/T/pip-install-8zf3iglz/lru-dict_ad20801639a643aeb6fb50c9db1a396a/setup.py'"'"'; __file__='"'"'/private/var/folders/4y/hxsvtktj08d_6zgf95qn5clc0000gp/T/pip-install-8zf3iglz/lru-dict_ad20801639a643aeb6fb50c9db1a396a/setup.py'"'"';f = getattr(tokenize, '"'"'open'"'"', open)(__file__) if os.path.exists(__file__) else io.StringIO('"'"'from setuptools import setup; setup()'"'"');code = f.read().replace('"'"'\r\n'"'"', '"'"'\n'"'"');f.close();exec(compile(code, __file__, '"'"'exec'"'"'))' bdist_wheel -d /private/var/folders/4y/hxsvtktj08d_6zgf95qn5clc0000gp/T/pip-wheel-8bli93is
       cwd: /private/var/folders/4y/hxsvtktj08d_6zgf95qn5clc0000gp/T/pip-install-8zf3iglz/lru-dict_ad20801639a643aeb6fb50c9db1a396a/
  Complete output (106 lines):
  running bdist_wheel
  running build
  running build_ext
  building 'lru' extension
  creating build
  creating build/temp.macosx-10.14.6-x86_64-3.8
  clang -Wno-unused-result -Wsign-compare -Wunreachable-code -fno-common -dynamic -DNDEBUG -g -fwrapv -O3 -Wall -iwithsysroot/System/Library/Frameworks/System.framework/PrivateHeaders -iwithsysroot/Applications/Xcode.app/Contents/Developer/Library/Frameworks/Python3.framework/Versions/3.8/Headers -arch arm64 -arch x86_64 -I/Users/zachstamegna/.local/pipx/venvs/eth-brownie/include -I/Library/Developer/CommandLineTools/Library/Frameworks/Python3.framework/Versions/3.8/include/python3.8 -c lru.c -o build/temp.macosx-10.14.6-x86_64-3.8/lru.o
  In file included from lru.c:1:
  In file included from /Library/Developer/CommandLineTools/Library/Frameworks/Python3.framework/Versions/3.8/include/python3.8/Python.h:11:
  In file included from /Library/Developer/CommandLineTools/usr/lib/clang/12.0.0/include/limits.h:21:
  In file included from /Library/Developer/CommandLineTools/SDKs/MacOSX10.15.sdk/usr/include/limits.h:63:
  /Library/Developer/CommandLineTools/SDKs/MacOSX10.15.sdk/usr/include/sys/cdefs.h:807:2: error: Unsupported architecture
  #error Unsupported architecture
   ^
  In file included from lru.c:1:
  In file included from /Library/Developer/CommandLineTools/Library/Frameworks/Python3.framework/Versions/3.8/include/python3.8/Python.h:11:
  In file included from /Library/Developer/CommandLineTools/usr/lib/clang/12.0.0/include/limits.h:21:
  In file included from /Library/Developer/CommandLineTools/SDKs/MacOSX10.15.sdk/usr/include/limits.h:64:
  /Library/Developer/CommandLineTools/SDKs/MacOSX10.15.sdk/usr/include/machine/limits.h:8:2: error: architecture not supported
  #error architecture not supported
   ^
  In file included from lru.c:1:
  In file included from /Library/Developer/CommandLineTools/Library/Frameworks/Python3.framework/Versions/3.8/include/python3.8/Python.h:25:
  In file included from /Library/Developer/CommandLineTools/SDKs/MacOSX10.15.sdk/usr/include/stdio.h:64:
  In file included from /Library/Developer/CommandLineTools/SDKs/MacOSX10.15.sdk/usr/include/_stdio.h:71:
  In file included from /Library/Developer/CommandLineTools/SDKs/MacOSX10.15.sdk/usr/include/_types.h:27:
  In file included from /Library/Developer/CommandLineTools/SDKs/MacOSX10.15.sdk/usr/include/sys/_types.h:33:
  /Library/Developer/CommandLineTools/SDKs/MacOSX10.15.sdk/usr/include/machine/_types.h:34:2: error: architecture not supported
  #error architecture not supported
   ^
  In file included from lru.c:1:
  In file included from /Library/Developer/CommandLineTools/Library/Frameworks/Python3.framework/Versions/3.8/include/python3.8/Python.h:25:
  In file included from /Library/Developer/CommandLineTools/SDKs/MacOSX10.15.sdk/usr/include/stdio.h:64:
  In file included from /Library/Developer/CommandLineTools/SDKs/MacOSX10.15.sdk/usr/include/_stdio.h:71:
  In file included from /Library/Developer/CommandLineTools/SDKs/MacOSX10.15.sdk/usr/include/_types.h:27:
  /Library/Developer/CommandLineTools/SDKs/MacOSX10.15.sdk/usr/include/sys/_types.h:55:9: error: unknown type name '__int64_t'
  typedef __int64_t       __darwin_blkcnt_t;      /* total blocks */
          ^
  /Library/Developer/CommandLineTools/SDKs/MacOSX10.15.sdk/usr/include/sys/_types.h:56:9: error: unknown type name '__int32_t'; did you mean '__int128_t'?
  typedef __int32_t       __darwin_blksize_t;     /* preferred block size */
          ^
  note: '__int128_t' declared here
  /Library/Developer/CommandLineTools/SDKs/MacOSX10.15.sdk/usr/include/sys/_types.h:57:9: error: unknown type name '__int32_t'; did you mean '__int128_t'?
  typedef __int32_t       __darwin_dev_t;         /* dev_t */
          ^
  note: '__int128_t' declared here
  /Library/Developer/CommandLineTools/SDKs/MacOSX10.15.sdk/usr/include/sys/_types.h:60:9: error: unknown type name '__uint32_t'; did you mean '__uint128_t'?
  typedef __uint32_t      __darwin_gid_t;         /* [???] process and group IDs */
          ^
  note: '__uint128_t' declared here
  /Library/Developer/CommandLineTools/SDKs/MacOSX10.15.sdk/usr/include/sys/_types.h:61:9: error: unknown type name '__uint32_t'; did you mean '__uint128_t'?
  typedef __uint32_t      __darwin_id_t;          /* [XSI] pid_t, uid_t, or gid_t*/
          ^
  note: '__uint128_t' declared here
  /Library/Developer/CommandLineTools/SDKs/MacOSX10.15.sdk/usr/include/sys/_types.h:62:9: error: unknown type name '__uint64_t'
  typedef __uint64_t      __darwin_ino64_t;       /* [???] Used for 64 bit inodes */
          ^
  /Library/Developer/CommandLineTools/SDKs/MacOSX10.15.sdk/usr/include/sys/_types.h:68:9: error: unknown type name '__darwin_natural_t'
  typedef __darwin_natural_t __darwin_mach_port_name_t; /* Used by mach */
          ^
  /Library/Developer/CommandLineTools/SDKs/MacOSX10.15.sdk/usr/include/sys/_types.h:70:9: error: unknown type name '__uint16_t'; did you mean '__uint128_t'?
  typedef __uint16_t      __darwin_mode_t;        /* [???] Some file attributes */
          ^
  note: '__uint128_t' declared here
  /Library/Developer/CommandLineTools/SDKs/MacOSX10.15.sdk/usr/include/sys/_types.h:71:9: error: unknown type name '__int64_t'
  typedef __int64_t       __darwin_off_t;         /* [???] Used for file sizes */
          ^
  /Library/Developer/CommandLineTools/SDKs/MacOSX10.15.sdk/usr/include/sys/_types.h:72:9: error: unknown type name '__int32_t'; did you mean '__int128_t'?
  typedef __int32_t       __darwin_pid_t;         /* [???] process and group IDs */
          ^
  note: '__int128_t' declared here
  /Library/Developer/CommandLineTools/SDKs/MacOSX10.15.sdk/usr/include/sys/_types.h:73:9: error: unknown type name '__uint32_t'; did you mean '__uint128_t'?
  typedef __uint32_t      __darwin_sigset_t;      /* [???] signal set */
          ^
  note: '__uint128_t' declared here
  /Library/Developer/CommandLineTools/SDKs/MacOSX10.15.sdk/usr/include/sys/_types.h:74:9: error: unknown type name '__int32_t'; did you mean '__int128_t'?
  typedef __int32_t       __darwin_suseconds_t;   /* [???] microseconds */
          ^
  note: '__int128_t' declared here
  /Library/Developer/CommandLineTools/SDKs/MacOSX10.15.sdk/usr/include/sys/_types.h:75:9: error: unknown type name '__uint32_t'; did you mean '__uint128_t'?
  typedef __uint32_t      __darwin_uid_t;         /* [???] user IDs */
          ^
  note: '__uint128_t' declared here
  /Library/Developer/CommandLineTools/SDKs/MacOSX10.15.sdk/usr/include/sys/_types.h:76:9: error: unknown type name '__uint32_t'; did you mean '__uint128_t'?
  typedef __uint32_t      __darwin_useconds_t;    /* [???] microseconds */
          ^
  note: '__uint128_t' declared here
  In file included from lru.c:1:
  In file included from /Library/Developer/CommandLineTools/Library/Frameworks/Python3.framework/Versions/3.8/include/python3.8/Python.h:25:
  In file included from /Library/Developer/CommandLineTools/SDKs/MacOSX10.15.sdk/usr/include/stdio.h:64:
  In file included from /Library/Developer/CommandLineTools/SDKs/MacOSX10.15.sdk/usr/include/_stdio.h:71:
  /Library/Developer/CommandLineTools/SDKs/MacOSX10.15.sdk/usr/include/_types.h:43:9: error: unknown type name '__uint32_t'; did you mean '__uint128_t'?
  typedef __uint32_t      __darwin_wctype_t;
          ^
  note: '__uint128_t' declared here
  In file included from lru.c:1:
  In file included from /Library/Developer/CommandLineTools/Library/Frameworks/Python3.framework/Versions/3.8/include/python3.8/Python.h:25:
  In file included from /Library/Developer/CommandLineTools/SDKs/MacOSX10.15.sdk/usr/include/stdio.h:64:
  In file included from /Library/Developer/CommandLineTools/SDKs/MacOSX10.15.sdk/usr/include/_stdio.h:75:
  In file included from /Library/Developer/CommandLineTools/SDKs/MacOSX10.15.sdk/usr/include/sys/_types/_va_list.h:31:
  /Library/Developer/CommandLineTools/SDKs/MacOSX10.15.sdk/usr/include/machine/types.h:37:2: error: architecture not supported
  #error architecture not supported
   ^
  fatal error: too many errors emitted, stopping now [-ferror-limit=]
  20 errors generated.
  error: command 'clang' failed with exit status 1
  ----------------------------------------
  ERROR: Failed building wheel for lru-dict
    ERROR: Command errored out with exit status 1:
     command: /Users/zachstamegna/.local/pipx/venvs/eth-brownie/bin/python -u -c 'import io, os, sys, setuptools, tokenize; sys.argv[0] = '"'"'/private/var/folders/4y/hxsvtktj08d_6zgf95qn5clc0000gp/T/pip-install-8zf3iglz/bitarray_83f7901146334770bad6adf9527792dc/setup.py'"'"'; __file__='"'"'/private/var/folders/4y/hxsvtktj08d_6zgf95qn5clc0000gp/T/pip-install-8zf3iglz/bitarray_83f7901146334770bad6adf9527792dc/setup.py'"'"';f = getattr(tokenize, '"'"'open'"'"', open)(__file__) if os.path.exists(__file__) else io.StringIO('"'"'from setuptools import setup; setup()'"'"');code = f.read().replace('"'"'\r\n'"'"', '"'"'\n'"'"');f.close();exec(compile(code, __file__, '"'"'exec'"'"'))' install --record /private/var/folders/4y/hxsvtktj08d_6zgf95qn5clc0000gp/T/pip-record-rlvp0qkg/install-record.txt --single-version-externally-managed --compile --install-headers /Users/zachstamegna/.local/pipx/venvs/eth-brownie/include/site/python3.8/bitarray
         cwd: /private/var/folders/4y/hxsvtktj08d_6zgf95qn5clc0000gp/T/pip-install-8zf3iglz/bitarray_83f7901146334770bad6adf9527792dc/
    Complete output (114 lines):
    running install
    running build
    running build_py
    creating build
    creating build/lib.macosx-10.14.6-x86_64-3.8
    creating build/lib.macosx-10.14.6-x86_64-3.8/bitarray
    copying bitarray/util.py -> build/lib.macosx-10.14.6-x86_64-3.8/bitarray
    copying bitarray/__init__.py -> build/lib.macosx-10.14.6-x86_64-3.8/bitarray
    copying bitarray/test_bitarray.py -> build/lib.macosx-10.14.6-x86_64-3.8/bitarray
    copying bitarray/test_util.py -> build/lib.macosx-10.14.6-x86_64-3.8/bitarray
    running build_ext
    building 'bitarray._bitarray' extension
    creating build/temp.macosx-10.14.6-x86_64-3.8
    creating build/temp.macosx-10.14.6-x86_64-3.8/bitarray
    clang -Wno-unused-result -Wsign-compare -Wunreachable-code -fno-common -dynamic -DNDEBUG -g -fwrapv -O3 -Wall -iwithsysroot/System/Library/Frameworks/System.framework/PrivateHeaders -iwithsysroot/Applications/Xcode.app/Contents/Developer/Library/Frameworks/Python3.framework/Versions/3.8/Headers -arch arm64 -arch x86_64 -I/Users/zachstamegna/.local/pipx/venvs/eth-brownie/include -I/Library/Developer/CommandLineTools/Library/Frameworks/Python3.framework/Versions/3.8/include/python3.8 -c bitarray/_bitarray.c -o build/temp.macosx-10.14.6-x86_64-3.8/bitarray/_bitarray.o
    In file included from bitarray/_bitarray.c:12:
    In file included from /Library/Developer/CommandLineTools/Library/Frameworks/Python3.framework/Versions/3.8/include/python3.8/Python.h:11:
    In file included from /Library/Developer/CommandLineTools/usr/lib/clang/12.0.0/include/limits.h:21:
    In file included from /Library/Developer/CommandLineTools/SDKs/MacOSX10.15.sdk/usr/include/limits.h:63:
    /Library/Developer/CommandLineTools/SDKs/MacOSX10.15.sdk/usr/include/sys/cdefs.h:807:2: error: Unsupported architecture
    #error Unsupported architecture
     ^
    In file included from bitarray/_bitarray.c:12:
    In file included from /Library/Developer/CommandLineTools/Library/Frameworks/Python3.framework/Versions/3.8/include/python3.8/Python.h:11:
    In file included from /Library/Developer/CommandLineTools/usr/lib/clang/12.0.0/include/limits.h:21:
    In file included from /Library/Developer/CommandLineTools/SDKs/MacOSX10.15.sdk/usr/include/limits.h:64:
    /Library/Developer/CommandLineTools/SDKs/MacOSX10.15.sdk/usr/include/machine/limits.h:8:2: error: architecture not supported
    #error architecture not supported
     ^
    In file included from bitarray/_bitarray.c:12:
    In file included from /Library/Developer/CommandLineTools/Library/Frameworks/Python3.framework/Versions/3.8/include/python3.8/Python.h:25:
    In file included from /Library/Developer/CommandLineTools/SDKs/MacOSX10.15.sdk/usr/include/stdio.h:64:
    In file included from /Library/Developer/CommandLineTools/SDKs/MacOSX10.15.sdk/usr/include/_stdio.h:71:
    In file included from /Library/Developer/CommandLineTools/SDKs/MacOSX10.15.sdk/usr/include/_types.h:27:
    In file included from /Library/Developer/CommandLineTools/SDKs/MacOSX10.15.sdk/usr/include/sys/_types.h:33:
    /Library/Developer/CommandLineTools/SDKs/MacOSX10.15.sdk/usr/include/machine/_types.h:34:2: error: architecture not supported
    #error architecture not supported
     ^
    In file included from bitarray/_bitarray.c:12:
    In file included from /Library/Developer/CommandLineTools/Library/Frameworks/Python3.framework/Versions/3.8/include/python3.8/Python.h:25:
    In file included from /Library/Developer/CommandLineTools/SDKs/MacOSX10.15.sdk/usr/include/stdio.h:64:
    In file included from /Library/Developer/CommandLineTools/SDKs/MacOSX10.15.sdk/usr/include/_stdio.h:71:
    In file included from /Library/Developer/CommandLineTools/SDKs/MacOSX10.15.sdk/usr/include/_types.h:27:
    /Library/Developer/CommandLineTools/SDKs/MacOSX10.15.sdk/usr/include/sys/_types.h:55:9: error: unknown type name '__int64_t'
    typedef __int64_t       __darwin_blkcnt_t;      /* total blocks */
            ^
    /Library/Developer/CommandLineTools/SDKs/MacOSX10.15.sdk/usr/include/sys/_types.h:56:9: error: unknown type name '__int32_t'; did you mean '__int128_t'?
    typedef __int32_t       __darwin_blksize_t;     /* preferred block size */
            ^
    note: '__int128_t' declared here
    /Library/Developer/CommandLineTools/SDKs/MacOSX10.15.sdk/usr/include/sys/_types.h:57:9: error: unknown type name '__int32_t'; did you mean '__int128_t'?
    typedef __int32_t       __darwin_dev_t;         /* dev_t */
            ^
    note: '__int128_t' declared here
    /Library/Developer/CommandLineTools/SDKs/MacOSX10.15.sdk/usr/include/sys/_types.h:60:9: error: unknown type name '__uint32_t'; did you mean '__uint128_t'?
    typedef __uint32_t      __darwin_gid_t;         /* [???] process and group IDs */
            ^
    note: '__uint128_t' declared here
    /Library/Developer/CommandLineTools/SDKs/MacOSX10.15.sdk/usr/include/sys/_types.h:61:9: error: unknown type name '__uint32_t'; did you mean '__uint128_t'?
    typedef __uint32_t      __darwin_id_t;          /* [XSI] pid_t, uid_t, or gid_t*/
            ^
    note: '__uint128_t' declared here
    /Library/Developer/CommandLineTools/SDKs/MacOSX10.15.sdk/usr/include/sys/_types.h:62:9: error: unknown type name '__uint64_t'
    typedef __uint64_t      __darwin_ino64_t;       /* [???] Used for 64 bit inodes */
            ^
    /Library/Developer/CommandLineTools/SDKs/MacOSX10.15.sdk/usr/include/sys/_types.h:68:9: error: unknown type name '__darwin_natural_t'
    typedef __darwin_natural_t __darwin_mach_port_name_t; /* Used by mach */
            ^
    /Library/Developer/CommandLineTools/SDKs/MacOSX10.15.sdk/usr/include/sys/_types.h:70:9: error: unknown type name '__uint16_t'; did you mean '__uint128_t'?
    typedef __uint16_t      __darwin_mode_t;        /* [???] Some file attributes */
            ^
    note: '__uint128_t' declared here
    /Library/Developer/CommandLineTools/SDKs/MacOSX10.15.sdk/usr/include/sys/_types.h:71:9: error: unknown type name '__int64_t'
    typedef __int64_t       __darwin_off_t;         /* [???] Used for file sizes */
            ^
    /Library/Developer/CommandLineTools/SDKs/MacOSX10.15.sdk/usr/include/sys/_types.h:72:9: error: unknown type name '__int32_t'; did you mean '__int128_t'?
    typedef __int32_t       __darwin_pid_t;         /* [???] process and group IDs */
            ^
    note: '__int128_t' declared here
    /Library/Developer/CommandLineTools/SDKs/MacOSX10.15.sdk/usr/include/sys/_types.h:73:9: error: unknown type name '__uint32_t'; did you mean '__uint128_t'?
    typedef __uint32_t      __darwin_sigset_t;      /* [???] signal set */
            ^
    note: '__uint128_t' declared here
    /Library/Developer/CommandLineTools/SDKs/MacOSX10.15.sdk/usr/include/sys/_types.h:74:9: error: unknown type name '__int32_t'; did you mean '__int128_t'?
    typedef __int32_t       __darwin_suseconds_t;   /* [???] microseconds */
            ^
    note: '__int128_t' declared here
    /Library/Developer/CommandLineTools/SDKs/MacOSX10.15.sdk/usr/include/sys/_types.h:75:9: error: unknown type name '__uint32_t'; did you mean '__uint128_t'?
    typedef __uint32_t      __darwin_uid_t;         /* [???] user IDs */
            ^
    note: '__uint128_t' declared here
    /Library/Developer/CommandLineTools/SDKs/MacOSX10.15.sdk/usr/include/sys/_types.h:76:9: error: unknown type name '__uint32_t'; did you mean '__uint128_t'?
    typedef __uint32_t      __darwin_useconds_t;    /* [???] microseconds */
            ^
    note: '__uint128_t' declared here
    In file included from bitarray/_bitarray.c:12:
    In file included from /Library/Developer/CommandLineTools/Library/Frameworks/Python3.framework/Versions/3.8/include/python3.8/Python.h:25:
    In file included from /Library/Developer/CommandLineTools/SDKs/MacOSX10.15.sdk/usr/include/stdio.h:64:
    In file included from /Library/Developer/CommandLineTools/SDKs/MacOSX10.15.sdk/usr/include/_stdio.h:71:
    /Library/Developer/CommandLineTools/SDKs/MacOSX10.15.sdk/usr/include/_types.h:43:9: error: unknown type name '__uint32_t'; did you mean '__uint128_t'?
    typedef __uint32_t      __darwin_wctype_t;
            ^
    note: '__uint128_t' declared here
    In file included from bitarray/_bitarray.c:12:
    In file included from /Library/Developer/CommandLineTools/Library/Frameworks/Python3.framework/Versions/3.8/include/python3.8/Python.h:25:
    In file included from /Library/Developer/CommandLineTools/SDKs/MacOSX10.15.sdk/usr/include/stdio.h:64:
    In file included from /Library/Developer/CommandLineTools/SDKs/MacOSX10.15.sdk/usr/include/_stdio.h:75:
    In file included from /Library/Developer/CommandLineTools/SDKs/MacOSX10.15.sdk/usr/include/sys/_types/_va_list.h:31:
    /Library/Developer/CommandLineTools/SDKs/MacOSX10.15.sdk/usr/include/machine/types.h:37:2: error: architecture not supported
    #error architecture not supported
     ^
    fatal error: too many errors emitted, stopping now [-ferror-limit=]
    20 errors generated.
    error: command 'clang' failed with exit status 1
    ----------------------------------------
ERROR: Command errored out with exit status 1: /Users/zachstamegna/.local/pipx/venvs/eth-brownie/bin/python -u -c 'import io, os, sys, setuptools, tokenize; sys.argv[0] = '"'"'/private/var/folders/4y/hxsvtktj08d_6zgf95qn5clc0000gp/T/pip-install-8zf3iglz/bitarray_83f7901146334770bad6adf9527792dc/setup.py'"'"'; __file__='"'"'/private/var/folders/4y/hxsvtktj08d_6zgf95qn5clc0000gp/T/pip-install-8zf3iglz/bitarray_83f7901146334770bad6adf9527792dc/setup.py'"'"';f = getattr(tokenize, '"'"'open'"'"', open)(__file__) if os.path.exists(__file__) else io.StringIO('"'"'from setuptools import setup; setup()'"'"');code = f.read().replace('"'"'\r\n'"'"', '"'"'\n'"'"');f.close();exec(compile(code, __file__, '"'"'exec'"'"'))' install --record /private/var/folders/4y/hxsvtktj08d_6zgf95qn5clc0000gp/T/pip-record-rlvp0qkg/install-record.txt --single-version-externally-managed --compile --install-headers /Users/zachstamegna/.local/pipx/venvs/eth-brownie/include/site/python3.8/bitarray Check the logs for full command output.
